2025-10-23 19:24:43 - 
⏳ Bắt đầu quét lúc: 2025-10-23 19:24:43 (Giờ Việt Nam)
2025-10-23 19:30:33 - 🛑 Dừng bot theo yêu cầu người dùng.
2025-10-23 19:33:17 - 
⏳ Bắt đầu quét lúc: 2025-10-23 19:33:17 (Giờ Việt Nam)
2025-10-23 19:38:56 - 🛑 Dừng bot theo yêu cầu người dùng.
2025-10-23 20:36:04 - 
⏳ Bắt đầu quét lúc: 2025-10-23 20:36:04 (Giờ Việt Nam)
2025-10-23 20:59:19 - ⚠️ 币安人生USDT (1h) - Không đủ dữ liệu, bỏ qua.
2025-10-23 20:59:19 - 🔔 **1000FLOKIUSDT** (15m)
➡️ SELL @ 0.07232
🎯 TP: 0.0708736
🛑 SL: 0.0730432
🕒 Thời gian: 2025-10-23 20:15:00 (VN)
2025-10-23 20:59:20 - 🔔 **1000LUNCUSDT** (30m)
➡️ SELL @ 0.04394
🎯 TP: 0.0430612
🛑 SL: 0.0443794
🕒 Thời gian: 2025-10-23 20:00:00 (VN)
2025-10-23 20:59:20 - 🔔 **1000WHYUSDT** (15m)
➡️ SELL @ 2.42e-05
🎯 TP: 2.3715999999999998e-05
🛑 SL: 2.4441999999999997e-05
🕒 Thời gian: 2025-10-23 20:15:00 (VN)
2025-10-23 20:59:21 - 🔔 **A2ZUSDT** (1h)
➡️ SELL @ 0.003871
🎯 TP: 0.00379358
🛑 SL: 0.00390971
🕒 Thời gian: 2025-10-23 20:00:00 (VN)
2025-10-23 20:59:22 - 🔔 **ADAUSDT** (15m)
➡️ BUY @ 0.6423
🎯 TP: 0.655146
🛑 SL: 0.635877
🕒 Thời gian: 2025-10-23 20:30:00 (VN)
2025-10-23 20:59:22 - 🔔 **AI16ZUSDT** (15m)
➡️ BUY @ 0.0566
🎯 TP: 0.057732
🛑 SL: 0.056034
🕒 Thời gian: 2025-10-23 20:30:00 (VN)
2025-10-23 20:59:23 - 🔔 **AKEUSDT** (1h)
➡️ BUY @ 0.0017338
🎯 TP: 0.001768476
🛑 SL: 0.001716462
🕒 Thời gian: 2025-10-23 20:00:00 (VN)
2025-10-23 20:59:24 - 🔔 **ALCHUSDT** (15m)
➡️ SELL @ 0.06596
🎯 TP: 0.0646408
🛑 SL: 0.0666196
🕒 Thời gian: 2025-10-23 20:30:00 (VN)
2025-10-23 20:59:25 - 🔔 **ALTUSDT** (15m)
➡️ BUY @ 0.01891
🎯 TP: 0.0192882
🛑 SL: 0.0187209
🕒 Thời gian: 2025-10-23 20:30:00 (VN)
2025-10-23 20:59:25 - 🔔 **ANKRUSDT** (30m)
➡️ SELL @ 0.01008
🎯 TP: 0.0098784
🛑 SL: 0.0101808
🕒 Thời gian: 2025-10-23 20:00:00 (VN)
2025-10-23 20:59:26 - 🔔 **ARBUSDT** (15m)
➡️ BUY @ 0.3114
🎯 TP: 0.317628
🛑 SL: 0.308286
🕒 Thời gian: 2025-10-23 20:30:00 (VN)
2025-10-23 20:59:26 - 🔔 **ARKMUSDT** (15m)
➡️ BUY @ 0.3492
🎯 TP: 0.356184
🛑 SL: 0.345708
🕒 Thời gian: 2025-10-23 20:30:00 (VN)
2025-10-23 20:59:27 - 🔔 **ARUSDT** (15m)
➡️ SELL @ 3.802
🎯 TP: 3.72596
🛑 SL: 3.84002
🕒 Thời gian: 2025-10-23 20:15:00 (VN)
2025-10-23 20:59:27 - 🔔 **ATOMUSDT** (30m)
➡️ BUY @ 3.173
🎯 TP: 3.23646
🛑 SL: 3.14127
🕒 Thời gian: 2025-10-23 20:00:00 (VN)
2025-10-23 20:59:28 - 🔔 **B3USDT** (30m)
➡️ SELL @ 0.002157
🎯 TP: 0.00211386
🛑 SL: 0.00217857
🕒 Thời gian: 2025-10-23 20:00:00 (VN)
2025-10-23 20:59:29 - 🔔 **BANANAS31USDT** (15m)
➡️ SELL @ 0.003153
🎯 TP: 0.00308994
🛑 SL: 0.00318453
🕒 Thời gian: 2025-10-23 20:15:00 (VN)
2025-10-23 20:59:29 - 🔔 **BANUSDT** (30m)
➡️ SELL @ 0.06699
🎯 TP: 0.06565019999999999
🛑 SL: 0.0676599
🕒 Thời gian: 2025-10-23 20:00:00 (VN)
2025-10-23 20:59:30 - 🔔 **BDXNUSDT** (15m)
➡️ BUY @ 0.03539
🎯 TP: 0.0360978
🛑 SL: 0.0350361
🕒 Thời gian: 2025-10-23 20:30:00 (VN)
2025-10-23 20:59:30 - 🔔 **BELUSDT** (15m)
➡️ BUY @ 0.27
🎯 TP: 0.27540000000000003
🛑 SL: 0.26730000000000004
🕒 Thời gian: 2025-10-23 20:30:00 (VN)
2025-10-23 20:59:31 - 🔔 **BERAUSDT** (1h)
➡️ BUY @ 2.033
🎯 TP: 2.07366
🛑 SL: 2.01267
🕒 Thời gian: 2025-10-23 19:00:00 (VN)
2025-10-23 20:59:32 - 🔔 **BMTUSDT** (30m)
➡️ SELL @ 0.03859
🎯 TP: 0.037818199999999996
🛑 SL: 0.0389759
🕒 Thời gian: 2025-10-23 20:00:00 (VN)
2025-10-23 20:59:32 - 🔔 **BTCUSDT** (1h)
➡️ BUY @ 109135.0
🎯 TP: 111317.7
🛑 SL: 108043.65
🕒 Thời gian: 2025-10-23 19:00:00 (VN)
2025-10-23 20:59:33 - 🔔 **CELRUSDT** (15m)
➡️ SELL @ 0.00546
🎯 TP: 0.005350799999999999
🛑 SL: 0.0055146
🕒 Thời gian: 2025-10-23 20:30:00 (VN)
2025-10-23 20:59:33 - 🔔 **CGPTUSDT** (15m)
➡️ SELL @ 0.05425
🎯 TP: 0.053165
🛑 SL: 0.0547925
🕒 Thời gian: 2025-10-23 20:30:00 (VN)
2025-10-23 20:59:34 - 🔔 **CTKUSDT** (1h)
➡️ SELL @ 0.3242
🎯 TP: 0.317716
🛑 SL: 0.327442
🕒 Thời gian: 2025-10-23 19:00:00 (VN)
2025-10-23 20:59:34 - 🔔 **DENTUSDT** (15m)
➡️ SELL @ 0.000447
🎯 TP: 0.00043806
🛑 SL: 0.00045147000000000004
🕒 Thời gian: 2025-10-23 20:30:00 (VN)
2025-10-23 20:59:36 - 🔔 **DEXEUSDT** (30m)
➡️ SELL @ 6.367
🎯 TP: 6.23966
🛑 SL: 6.43067
🕒 Thời gian: 2025-10-23 20:00:00 (VN)
2025-10-23 20:59:37 - 🔔 **DOGEUSDT** (1h)
➡️ BUY @ 0.19378
🎯 TP: 0.19765560000000001
🛑 SL: 0.19184220000000002
🕒 Thời gian: 2025-10-23 19:00:00 (VN)
2025-10-23 20:59:37 - 🔔 **DOLOUSDT** (15m)
➡️ SELL @ 0.07929
🎯 TP: 0.0777042
🛑 SL: 0.0800829
🕒 Thời gian: 2025-10-23 20:30:00 (VN)
2025-10-23 20:59:38 - 🔔 **DYMUSDT** (15m)
➡️ SELL @ 0.1063
🎯 TP: 0.104174
🛑 SL: 0.107363
🕒 Thời gian: 2025-10-23 20:30:00 (VN)
2025-10-23 20:59:40 - 🔔 **EDUUSDT** (1h)
➡️ BUY @ 0.1944
🎯 TP: 0.198288
🛑 SL: 0.192456
🕒 Thời gian: 2025-10-23 19:00:00 (VN)
2025-10-23 20:59:41 - 🔔 **ENAUSDT** (1h)
➡️ BUY @ 0.4668
🎯 TP: 0.476136
🛑 SL: 0.462132
🕒 Thời gian: 2025-10-23 19:00:00 (VN)
2025-10-23 20:59:41 - 🔔 **EPICUSDT** (30m)
➡️ SELL @ 0.8718
🎯 TP: 0.854364
🛑 SL: 0.880518
🕒 Thời gian: 2025-10-23 20:30:00 (VN)
2025-10-23 20:59:42 - 🔔 **EPTUSDT** (1h)
➡️ BUY @ 0.004306
🎯 TP: 0.00439212
🛑 SL: 0.00426294
🕒 Thời gian: 2025-10-23 19:00:00 (VN)
2025-10-23 20:59:42 - 🔔 **ESPORTSUSDT** (15m)
➡️ SELL @ 0.20608
🎯 TP: 0.2019584
🛑 SL: 0.20814080000000001
🕒 Thời gian: 2025-10-23 20:30:00 (VN)
2025-10-23 20:59:43 - 🔔 **ETHUSDT** (15m)
➡️ SELL @ 3843.69
🎯 TP: 3766.8162
🛑 SL: 3882.1269
🕒 Thời gian: 2025-10-23 20:30:00 (VN)
2025-10-23 20:59:43 - 🔔 **FARTCOINUSDT** (30m)
➡️ BUY @ 0.3467
🎯 TP: 0.353634
🛑 SL: 0.343233
🕒 Thời gian: 2025-10-23 20:30:00 (VN)
2025-10-23 20:59:44 - 🔔 **FIDAUSDT** (30m)
➡️ BUY @ 0.05737
🎯 TP: 0.0585174
🛑 SL: 0.056796299999999994
🕒 Thời gian: 2025-10-23 20:30:00 (VN)
2025-10-23 20:59:44 - 🔔 **FILUSDT** (30m)
➡️ BUY @ 1.556
🎯 TP: 1.58712
🛑 SL: 1.54044
🕒 Thời gian: 2025-10-23 20:30:00 (VN)
2025-10-23 20:59:45 - 🔔 **FIOUSDT** (1h)
➡️ BUY @ 0.01308
🎯 TP: 0.0133416
🛑 SL: 0.0129492
🕒 Thời gian: 2025-10-23 19:00:00 (VN)
2025-10-23 20:59:45 - 🔔 **FLMUSDT** (30m)
➡️ SELL @ 0.0212
🎯 TP: 0.020776
🛑 SL: 0.021412
🕒 Thời gian: 2025-10-23 20:30:00 (VN)
2025-10-23 20:59:46 - 🔔 **FLOWUSDT** (15m)
➡️ SELL @ 0.27
🎯 TP: 0.2646
🛑 SL: 0.2727
🕒 Thời gian: 2025-10-23 20:30:00 (VN)
2025-10-23 20:59:47 - 🔔 **FLUIDUSDT** (15m)
➡️ BUY @ 4.51
🎯 TP: 4.6002
🛑 SL: 4.4649
🕒 Thời gian: 2025-10-23 20:30:00 (VN)
2025-10-23 20:59:47 - 🔔 **FUNUSDT** (1h)
➡️ SELL @ 0.003677
🎯 TP: 0.00360346
🛑 SL: 0.0037137700000000004
🕒 Thời gian: 2025-10-23 20:00:00 (VN)
2025-10-23 20:59:48 - 🔔 **GASUSDT** (30m)
➡️ BUY @ 2.555
🎯 TP: 2.6061
🛑 SL: 2.52945
🕒 Thời gian: 2025-10-23 20:30:00 (VN)
2025-10-23 20:59:52 - 🔔 **GLMUSDT** (30m)
➡️ BUY @ 0.17737
🎯 TP: 0.1809174
🛑 SL: 0.1755963
🕒 Thời gian: 2025-10-23 20:00:00 (VN)
2025-10-23 20:59:52 - 🔔 **GRASSUSDT** (30m)
➡️ BUY @ 0.4154
🎯 TP: 0.423708
🛑 SL: 0.411246
🕒 Thời gian: 2025-10-23 20:30:00 (VN)
2025-10-23 20:59:56 - 🔔 **GTCUSDT** (15m)
➡️ SELL @ 0.206
🎯 TP: 0.20187999999999998
🛑 SL: 0.20806
🕒 Thời gian: 2025-10-23 20:30:00 (VN)
2025-10-23 20:59:57 - 🔔 **GUNUSDT** (30m)
➡️ SELL @ 0.01842
🎯 TP: 0.018051599999999998
🛑 SL: 0.018604199999999998
🕒 Thời gian: 2025-10-23 20:00:00 (VN)
2025-10-23 21:00:01 - 🔔 **HAEDALUSDT** (30m)
➡️ BUY @ 0.09008
🎯 TP: 0.0918816
🛑 SL: 0.08917919999999999
🕒 Thời gian: 2025-10-23 20:00:00 (VN)
2025-10-23 21:00:02 - 🔔 **HANAUSDT** (30m)
➡️ BUY @ 0.05455
🎯 TP: 0.055641
🛑 SL: 0.054004500000000004
🕒 Thời gian: 2025-10-23 20:00:00 (VN)
2025-10-23 21:00:02 - 🔔 **HEMIUSDT** (15m)
➡️ SELL @ 0.05617
🎯 TP: 0.055046599999999994
🛑 SL: 0.056731699999999996
🕒 Thời gian: 2025-10-23 20:30:00 (VN)
2025-10-23 21:00:06 - 🔔 **HFTUSDT** (30m)
➡️ BUY @ 0.04977
🎯 TP: 0.0507654
🛑 SL: 0.0492723
🕒 Thời gian: 2025-10-23 20:30:00 (VN)
2025-10-23 21:00:07 - 🔔 **HMSTRUSDT** (15m)
➡️ BUY @ 0.0004115
🎯 TP: 0.00041973
🛑 SL: 0.00040738499999999996
🕒 Thời gian: 2025-10-23 20:30:00 (VN)
2025-10-23 21:00:11 - 🔔 **HYPEUSDT** (1h)
➡️ BUY @ 40.094
🎯 TP: 40.895880000000005
🛑 SL: 39.69306
🕒 Thời gian: 2025-10-23 20:00:00 (VN)
2025-10-23 21:00:11 - 🔔 **ICXUSDT** (15m)
➡️ BUY @ 0.0884
🎯 TP: 0.09016800000000001
🛑 SL: 0.08751600000000001
🕒 Thời gian: 2025-10-23 20:30:00 (VN)
2025-10-23 21:00:12 - 🔔 **ILVUSDT** (30m)
➡️ SELL @ 10.81
🎯 TP: 10.5938
🛑 SL: 10.9181
🕒 Thời gian: 2025-10-23 20:30:00 (VN)
2025-10-23 21:00:16 - 🔔 **INJUSDT** (30m)
➡️ BUY @ 8.462
🎯 TP: 8.63124
🛑 SL: 8.37738
🕒 Thời gian: 2025-10-23 20:30:00 (VN)
2025-10-23 21:00:17 - 🔔 **IOTAUSDT** (15m)
➡️ BUY @ 0.143
🎯 TP: 0.14586
🛑 SL: 0.14156999999999997
🕒 Thời gian: 2025-10-23 20:30:00 (VN)
2025-10-23 21:00:21 - 🔔 **IPUSDT** (30m)
➡️ SELL @ 5.199
🎯 TP: 5.09502
🛑 SL: 5.25099
🕒 Thời gian: 2025-10-23 20:00:00 (VN)
2025-10-23 21:00:21 - 🔔 **JELLYJELLYUSDT** (1h)
➡️ BUY @ 0.0804
🎯 TP: 0.082008
🛑 SL: 0.079596
🕒 Thời gian: 2025-10-23 19:00:00 (VN)
2025-10-23 21:00:22 - 🔔 **JTOUSDT** (30m)
➡️ BUY @ 1.0817
🎯 TP: 1.103334
🛑 SL: 1.070883
🕒 Thời gian: 2025-10-23 20:00:00 (VN)
2025-10-23 21:00:26 - 🔔 **JUPUSDT** (1h)
➡️ BUY @ 0.3564
🎯 TP: 0.363528
🛑 SL: 0.352836
🕒 Thời gian: 2025-10-23 20:00:00 (VN)
2025-10-23 21:00:26 - 🔔 **LAUSDT** (1h)
➡️ BUY @ 0.4421
🎯 TP: 0.450942
🛑 SL: 0.437679
🕒 Thời gian: 2025-10-23 19:00:00 (VN)
2025-10-23 21:00:31 - 🔔 **LAYERUSDT** (30m)
➡️ BUY @ 0.2803
🎯 TP: 0.285906
🛑 SL: 0.277497
🕒 Thời gian: 2025-10-23 20:30:00 (VN)
2025-10-23 21:00:31 - 🔔 **LDOUSDT** (30m)
➡️ BUY @ 0.8972
🎯 TP: 0.9151440000000001
🛑 SL: 0.888228
🕒 Thời gian: 2025-10-23 20:30:00 (VN)
2025-10-23 21:00:32 - 🔔 **LINKUSDT** (30m)
➡️ SELL @ 17.269
🎯 TP: 16.92362
🛑 SL: 17.441689999999998
🕒 Thời gian: 2025-10-23 20:30:00 (VN)
2025-10-23 21:00:36 - 🔔 **LISTAUSDT** (30m)
➡️ SELL @ 0.2779
🎯 TP: 0.272342
🛑 SL: 0.28067899999999996
🕒 Thời gian: 2025-10-23 20:30:00 (VN)
2025-10-23 21:00:36 - 🔔 **LPTUSDT** (30m)
➡️ BUY @ 4.907
🎯 TP: 5.00514
🛑 SL: 4.85793
🕒 Thời gian: 2025-10-23 20:30:00 (VN)
2025-10-23 21:00:40 - 🔔 **LTCUSDT** (15m)
➡️ BUY @ 93.62
🎯 TP: 95.4924
🛑 SL: 92.6838
🕒 Thời gian: 2025-10-23 20:30:00 (VN)
2025-10-23 21:00:42 - 🔔 **LYNUSDT** (1h)
➡️ BUY @ 0.14102
🎯 TP: 0.1438404
🛑 SL: 0.1396098
🕒 Thời gian: 2025-10-23 19:00:00 (VN)
2025-10-23 21:00:42 - 🔔 **MANAUSDT** (30m)
➡️ BUY @ 0.2347
🎯 TP: 0.239394
🛑 SL: 0.23235299999999998
🕒 Thời gian: 2025-10-23 20:30:00 (VN)
2025-10-23 21:00:46 - 🔔 **MANTAUSDT** (15m)
➡️ BUY @ 0.1118
🎯 TP: 0.114036
🛑 SL: 0.11068199999999999
🕒 Thời gian: 2025-10-23 20:30:00 (VN)
2025-10-23 21:00:47 - 🔔 **MAVUSDT** (30m)
➡️ BUY @ 0.03838
🎯 TP: 0.0391476
🛑 SL: 0.037996199999999994
🕒 Thời gian: 2025-10-23 20:30:00 (VN)
2025-10-23 21:00:51 - 🔔 **METISUSDT** (15m)
➡️ SELL @ 9.78
🎯 TP: 9.584399999999999
🛑 SL: 9.877799999999999
🕒 Thời gian: 2025-10-23 20:30:00 (VN)
2025-10-23 21:00:51 - 🔔 **MEUSDT** (30m)
➡️ BUY @ 0.4322
🎯 TP: 0.44084399999999996
🛑 SL: 0.427878
🕒 Thời gian: 2025-10-23 20:30:00 (VN)
2025-10-23 21:00:52 - 🔔 **MEWUSDT** (30m)
➡️ BUY @ 0.001844
🎯 TP: 0.00188088
🛑 SL: 0.00182556
🕒 Thời gian: 2025-10-23 20:30:00 (VN)
2025-10-23 21:00:56 - 🛑 Dừng bot theo yêu cầu người dùng.
2025-10-23 21:09:14 - 
⏳ Bắt đầu quét lúc: 2025-10-23 21:09:14 (Giờ Việt Nam)
2025-10-23 21:09:20 - 🔔 **1000000MOGUSDT** (15m)
➡️ SELL @ 0.4386
🎯 TP: 0.429828
🛑 SL: 0.442986
🕒 Thời gian: 2025-10-23 21:00:00 (VN)
2025-10-23 21:09:37 - 🔔 **1000RATSUSDT** (15m)
➡️ BUY @ 0.02806
🎯 TP: 0.028621200000000003
🛑 SL: 0.027779400000000003
🕒 Thời gian: 2025-10-23 21:00:00 (VN)
2025-10-23 21:09:40 - 🔔 **1000SATSUSDT** (15m)
➡️ BUY @ 2.31e-05
🎯 TP: 2.3562e-05
🛑 SL: 2.2868999999999997e-05
🕒 Thời gian: 2025-10-23 21:00:00 (VN)
2025-10-23 21:09:46 - 🔔 **1000WHYUSDT** (15m)
➡️ SELL @ 2.42e-05
🎯 TP: 2.3715999999999998e-05
🛑 SL: 2.4441999999999997e-05
🕒 Thời gian: 2025-10-23 21:00:00 (VN)
2025-10-23 21:09:56 - 🔔 **1MBABYDOGEUSDT** (15m)
➡️ SELL @ 0.0009975
🎯 TP: 0.00097755
🛑 SL: 0.0010074749999999999
🕒 Thời gian: 2025-10-23 21:00:00 (VN)
2025-10-23 21:10:30 - 🔔 **AEVOUSDT** (15m)
➡️ SELL @ 0.062
🎯 TP: 0.06076
🛑 SL: 0.06262
🕒 Thời gian: 2025-10-23 21:00:00 (VN)
2025-10-23 21:11:22 - 🔔 **APEUSDT** (15m)
➡️ BUY @ 0.3991
🎯 TP: 0.407082
🛑 SL: 0.395109
🕒 Thời gian: 2025-10-23 21:00:00 (VN)
2025-10-23 21:11:32 - 🔔 **ARCUSDT** (15m)
➡️ BUY @ 0.0129
🎯 TP: 0.013158
🛑 SL: 0.012771
🕒 Thời gian: 2025-10-23 21:00:00 (VN)
2025-10-23 21:11:40 - 🔔 **ARKUSDT** (15m)
➡️ BUY @ 0.3227
🎯 TP: 0.329154
🛑 SL: 0.319473
🕒 Thời gian: 2025-10-23 21:00:00 (VN)
2025-10-23 21:11:42 - 🔔 **ARKUSDT** (30m)
➡️ BUY @ 0.3227
🎯 TP: 0.329154
🛑 SL: 0.319473
🕒 Thời gian: 2025-10-23 21:00:00 (VN)
2025-10-23 21:11:44 - 🔔 **ARPAUSDT** (15m)
➡️ BUY @ 0.02002
🎯 TP: 0.0204204
🛑 SL: 0.0198198
🕒 Thời gian: 2025-10-23 21:00:00 (VN)
2025-10-23 21:11:46 - 🔔 **ARPAUSDT** (30m)
➡️ BUY @ 0.02001
🎯 TP: 0.0204102
🛑 SL: 0.0198099
🕒 Thời gian: 2025-10-23 21:00:00 (VN)
2025-10-23 21:11:51 - 🔔 **ASRUSDT** (15m)
➡️ SELL @ 1.482
🎯 TP: 1.4523599999999999
🛑 SL: 1.49682
🕒 Thời gian: 2025-10-23 21:00:00 (VN)
2025-10-23 21:12:04 - 🔔 **ATOMUSDT** (15m)
➡️ BUY @ 3.18
🎯 TP: 3.2436000000000003
🛑 SL: 3.1482
🕒 Thời gian: 2025-10-23 21:00:00 (VN)
2025-10-23 21:12:14 - 🔔 **AVAAIUSDT** (15m)
➡️ SELL @ 0.01344
🎯 TP: 0.013171200000000001
🛑 SL: 0.0135744
🕒 Thời gian: 2025-10-23 21:00:00 (VN)
2025-10-23 21:12:33 - 🔔 **B2USDT** (15m)
➡️ BUY @ 1.7679
🎯 TP: 1.803258
🛑 SL: 1.750221
🕒 Thời gian: 2025-10-23 21:00:00 (VN)
2025-10-23 21:12:38 - 🔔 **BABYUSDT** (15m)
➡️ SELL @ 0.03111
🎯 TP: 0.0304878
🛑 SL: 0.0314211
🕒 Thời gian: 2025-10-23 21:00:00 (VN)
2025-10-23 21:12:41 - 🔔 **BANANAS31USDT** (15m)
➡️ SELL @ 0.003147
🎯 TP: 0.00308406
🛑 SL: 0.00317847
🕒 Thời gian: 2025-10-23 21:00:00 (VN)
2025-10-23 21:12:59 - 🔔 **BATUSDT** (15m)
➡️ SELL @ 0.1723
🎯 TP: 0.168854
🛑 SL: 0.174023
🕒 Thời gian: 2025-10-23 21:00:00 (VN)
2025-10-23 21:13:02 - 🔔 **BBUSDT** (15m)
➡️ SELL @ 0.11938
🎯 TP: 0.1169924
🛑 SL: 0.1205738
🕒 Thời gian: 2025-10-23 21:00:00 (VN)
2025-10-23 21:13:12 - 🔔 **BEAMXUSDT** (15m)
➡️ SELL @ 0.004921
🎯 TP: 0.00482258
🛑 SL: 0.00497021
🕒 Thời gian: 2025-10-23 21:00:00 (VN)
2025-10-23 21:13:15 - 🔔 **BELUSDT** (15m)
➡️ BUY @ 0.2649
🎯 TP: 0.27019800000000005
🛑 SL: 0.262251
🕒 Thời gian: 2025-10-23 21:00:00 (VN)
2025-10-23 21:13:16 - 🔔 **BELUSDT** (30m)
➡️ BUY @ 0.2649
🎯 TP: 0.27019800000000005
🛑 SL: 0.262251
🕒 Thời gian: 2025-10-23 21:00:00 (VN)
2025-10-23 21:13:44 - 🔔 **BNTUSDT** (15m)
➡️ SELL @ 0.585
🎯 TP: 0.5732999999999999
🛑 SL: 0.59085
🕒 Thời gian: 2025-10-23 21:00:00 (VN)
2025-10-23 21:14:12 - 🔔 **BUSDT** (15m)
➡️ BUY @ 0.1626
🎯 TP: 0.165852
🛑 SL: 0.160974
🕒 Thời gian: 2025-10-23 21:00:00 (VN)
2025-10-23 21:14:19 - 🔔 **CAKEUSDT** (15m)
➡️ SELL @ 2.6721
🎯 TP: 2.618658
🛑 SL: 2.698821
🕒 Thời gian: 2025-10-23 21:00:00 (VN)
2025-10-23 21:14:25 - 🔔 **CATIUSDT** (15m)
➡️ BUY @ 0.08086
🎯 TP: 0.0824772
🛑 SL: 0.0800514
🕒 Thời gian: 2025-10-23 21:00:00 (VN)
2025-10-23 21:14:31 - 🔔 **CELRUSDT** (15m)
➡️ SELL @ 0.00542
🎯 TP: 0.0053116000000000005
🛑 SL: 0.0054742
🕒 Thời gian: 2025-10-23 21:00:00 (VN)
2025-10-23 21:14:33 - 🔔 **CELRUSDT** (30m)
➡️ SELL @ 0.00541
🎯 TP: 0.0053018
🛑 SL: 0.0054640999999999995
🕒 Thời gian: 2025-10-23 21:00:00 (VN)
2025-10-23 21:14:37 - 🔔 **CFXUSDT** (15m)
➡️ SELL @ 0.10691
🎯 TP: 0.1047718
🛑 SL: 0.10797910000000001
🕒 Thời gian: 2025-10-23 21:00:00 (VN)
2025-10-23 21:16:27 - 🔔 **DYDXUSDT** (30m)
➡️ SELL @ 0.314
🎯 TP: 0.30772
🛑 SL: 0.31714
🕒 Thời gian: 2025-10-23 21:00:00 (VN)
2025-10-23 21:17:21 - 🔔 **FARTCOINUSDT** (30m)
➡️ BUY @ 0.34
🎯 TP: 0.34680000000000005
🛑 SL: 0.3366
🕒 Thời gian: 2025-10-23 21:00:00 (VN)
2025-10-23 21:17:37 - 🔔 **FILUSDT** (30m)
➡️ BUY @ 1.546
🎯 TP: 1.57692
🛑 SL: 1.53054
🕒 Thời gian: 2025-10-23 21:00:00 (VN)
2025-10-23 21:17:45 - 🔔 **FLMUSDT** (15m)
➡️ SELL @ 0.0209
🎯 TP: 0.020481999999999997
🛑 SL: 0.021109
🕒 Thời gian: 2025-10-23 21:15:00 (VN)
2025-10-23 21:17:47 - 🔔 **FLMUSDT** (30m)
➡️ SELL @ 0.0209
🎯 TP: 0.020481999999999997
🛑 SL: 0.021109
🕒 Thời gian: 2025-10-23 21:00:00 (VN)
2025-10-23 21:17:53 - 🔔 **FLOWUSDT** (15m)
➡️ SELL @ 0.27
🎯 TP: 0.2646
🛑 SL: 0.2727
🕒 Thời gian: 2025-10-23 21:15:00 (VN)
2025-10-23 21:18:18 - 🔔 **GASUSDT** (30m)
➡️ BUY @ 2.54
🎯 TP: 2.5908
🛑 SL: 2.5146
🕒 Thời gian: 2025-10-23 21:00:00 (VN)
2025-10-23 21:18:26 - 🔔 **GLMUSDT** (30m)
➡️ BUY @ 0.17747
🎯 TP: 0.1810194
🛑 SL: 0.1756953
🕒 Thời gian: 2025-10-23 21:00:00 (VN)
2025-10-23 21:18:43 - 🔔 **GRIFFAINUSDT** (30m)
➡️ SELL @ 0.01864
🎯 TP: 0.0182672
🛑 SL: 0.0188264
🕒 Thời gian: 2025-10-23 21:00:00 (VN)
2025-10-23 21:20:03 - 🔔 **ILVUSDT** (30m)
➡️ SELL @ 10.697
🎯 TP: 10.483059999999998
🛑 SL: 10.80397
🕒 Thời gian: 2025-10-23 21:00:00 (VN)
2025-10-23 21:20:40 - 🔔 **JSTUSDT** (30m)
➡️ BUY @ 0.033423
🎯 TP: 0.034091460000000004
🛑 SL: 0.03308877
🕒 Thời gian: 2025-10-23 21:00:00 (VN)
2025-10-23 21:20:51 - 🔔 **KAITOUSDT** (30m)
➡️ BUY @ 1.0289
🎯 TP: 1.049478
🛑 SL: 1.018611
🕒 Thời gian: 2025-10-23 21:00:00 (VN)
2025-10-23 21:21:16 - 🔔 **KSMUSDT** (15m)
➡️ SELL @ 10.616
🎯 TP: 10.40368
🛑 SL: 10.72216
🕒 Thời gian: 2025-10-23 21:15:00 (VN)
2025-10-23 21:21:30 - 🔔 **LIGHTUSDT** (30m)
➡️ BUY @ 1.9037
🎯 TP: 1.941774
🛑 SL: 1.884663
🕒 Thời gian: 2025-10-23 21:00:00 (VN)
2025-10-23 21:21:39 - 🛑 Dừng bot theo yêu cầu người dùng.
2025-10-23 21:22:40 - 
⏳ Bắt đầu quét lúc: 2025-10-23 21:22:40 (Giờ Việt Nam)
2025-10-23 21:23:07 - 🛑 Dừng bot theo yêu cầu người dùng.
2025-10-23 21:23:23 - 
⏳ Bắt đầu quét lúc: 2025-10-23 21:23:23 (Giờ Việt Nam)
2025-10-23 21:26:03 - 🔔 **ARKUSDT** (30m)
➡️ BUY @ 0.3227
🎯 TP: 0.329154
🛑 SL: 0.319473
🕒 Thời gian: 2025-10-23 21:00:00 (VN)
2025-10-23 21:26:06 - 🔔 **ARPAUSDT** (30m)
➡️ BUY @ 0.02001
🎯 TP: 0.0204102
🛑 SL: 0.0198099
🕒 Thời gian: 2025-10-23 21:00:00 (VN)
2025-10-23 21:27:04 - 🔔 **BELUSDT** (30m)
➡️ BUY @ 0.2649
🎯 TP: 0.27019800000000005
🛑 SL: 0.262251
🕒 Thời gian: 2025-10-23 21:00:00 (VN)
2025-10-23 21:27:54 - 🔔 **CELRUSDT** (30m)
➡️ SELL @ 0.00541
🎯 TP: 0.0053018
🛑 SL: 0.0054640999999999995
🕒 Thời gian: 2025-10-23 21:00:00 (VN)
2025-10-23 21:29:13 - 🔔 **DYDXUSDT** (30m)
➡️ SELL @ 0.314
🎯 TP: 0.30772
🛑 SL: 0.31714
🕒 Thời gian: 2025-10-23 21:00:00 (VN)
2025-10-23 21:29:50 - 🔔 **FARTCOINUSDT** (30m)
➡️ BUY @ 0.34
🎯 TP: 0.34680000000000005
🛑 SL: 0.3366
🕒 Thời gian: 2025-10-23 21:00:00 (VN)
2025-10-23 21:37:50 - 🔔 **OLUSDT** (1h)
➡️ BUY @ 0.02152
🎯 TP: 0.021950400000000002
🛑 SL: 0.021304800000000002
🕒 Thời gian: 2025-10-23 21:00:00 (VN)
2025-10-23 21:39:19 - 🔔 **PONKEUSDT** (1h)
➡️ SELL @ 0.05859
🎯 TP: 0.0574182
🛑 SL: 0.059175900000000003
🕒 Thời gian: 2025-10-23 21:00:00 (VN)
2025-10-23 21:39:44 - 🔔 **PROVEUSDT** (1h)
➡️ BUY @ 0.8617
🎯 TP: 0.878934
🛑 SL: 0.853083
🕒 Thời gian: 2025-10-23 21:00:00 (VN)
2025-10-23 21:40:02 - 🔔 **PUNDIXUSDT** (1h)
➡️ BUY @ 0.3715
🎯 TP: 0.37893
🛑 SL: 0.367785
🕒 Thời gian: 2025-10-23 21:00:00 (VN)
2025-10-23 21:40:35 - 🔔 **REDUSDT** (1h)
➡️ BUY @ 0.3453
🎯 TP: 0.352206
🛑 SL: 0.341847
🕒 Thời gian: 2025-10-23 21:00:00 (VN)
2025-10-23 21:41:07 - 🔔 **RPLUSDT** (1h)
➡️ SELL @ 3.258
🎯 TP: 3.19284
🛑 SL: 3.29058
🕒 Thời gian: 2025-10-23 21:00:00 (VN)
2025-10-23 21:41:30 - 🔔 **SAHARAUSDT** (1h)
➡️ BUY @ 0.07558
🎯 TP: 0.0770916
🛑 SL: 0.0748242
🕒 Thời gian: 2025-10-23 21:00:00 (VN)
2025-10-23 21:42:18 - 🔔 **SKYAIUSDT** (1h)
➡️ SELL @ 0.02309
🎯 TP: 0.022628199999999998
🛑 SL: 0.0233209
🕒 Thời gian: 2025-10-23 21:00:00 (VN)
2025-10-23 21:42:32 - 🔔 **SOLUSDT** (1h)
➡️ BUY @ 190.07
🎯 TP: 193.8714
🛑 SL: 188.1693
🕒 Thời gian: 2025-10-23 21:00:00 (VN)
2025-10-23 21:42:56 - 🔔 **SPKUSDT** (1h)
➡️ BUY @ 0.03803
🎯 TP: 0.0387906
🛑 SL: 0.0376497
🕒 Thời gian: 2025-10-23 21:00:00 (VN)
2025-10-23 21:43:14 - 🔔 **STEEMUSDT** (1h)
➡️ SELL @ 0.09014
🎯 TP: 0.08833719999999999
🛑 SL: 0.0910414
🕒 Thời gian: 2025-10-23 21:00:00 (VN)
2025-10-23 21:43:25 - 🔔 **STOUSDT** (1h)
➡️ BUY @ 0.18095
🎯 TP: 0.184569
🛑 SL: 0.1791405
🕒 Thời gian: 2025-10-23 21:00:00 (VN)
2025-10-23 21:43:58 - 🔔 **SWARMSUSDT** (1h)
➡️ BUY @ 0.01549
🎯 TP: 0.0157998
🛑 SL: 0.0153351
🕒 Thời gian: 2025-10-23 21:00:00 (VN)
2025-10-23 21:44:27 - 🔔 **TAGUSDT** (30m)
➡️ BUY @ 0.0004294
🎯 TP: 0.000437988
🛑 SL: 0.00042510599999999996
🕒 Thời gian: 2025-10-23 21:30:00 (VN)
2025-10-23 21:44:29 - 🔔 **TAGUSDT** (1h)
➡️ BUY @ 0.0004294
🎯 TP: 0.000437988
🛑 SL: 0.00042510599999999996
🕒 Thời gian: 2025-10-23 21:00:00 (VN)
2025-10-23 21:45:50 - 🔔 **UMAUSDT** (30m)
➡️ BUY @ 1.173
🎯 TP: 1.19646
🛑 SL: 1.16127
🕒 Thời gian: 2025-10-23 21:30:00 (VN)
2025-10-23 21:45:51 - 🔔 **UMAUSDT** (1h)
➡️ BUY @ 1.173
🎯 TP: 1.19646
🛑 SL: 1.16127
🕒 Thời gian: 2025-10-23 21:00:00 (VN)
2025-10-23 21:46:55 - 🔔 **XMRUSDT** (1h)
➡️ BUY @ 326.97
🎯 TP: 333.5094
🛑 SL: 323.7003
🕒 Thời gian: 2025-10-23 21:00:00 (VN)
2025-10-23 21:47:01 - 🔔 **XPINUSDT** (1h)
➡️ BUY @ 0.009681
🎯 TP: 0.00987462
🛑 SL: 0.009584190000000001
🕒 Thời gian: 2025-10-23 21:00:00 (VN)
2025-10-23 21:47:12 - 🔔 **YALAUSDT** (1h)
➡️ BUY @ 0.0942
🎯 TP: 0.096084
🛑 SL: 0.09325800000000001
🕒 Thời gian: 2025-10-23 21:00:00 (VN)
2025-10-23 21:47:14 - 🔔 **YBUSDT** (1h)
➡️ BUY @ 0.4977
🎯 TP: 0.5076539999999999
🛑 SL: 0.49272299999999997
🕒 Thời gian: 2025-10-23 21:00:00 (VN)
2025-10-23 21:47:24 - 🔔 **ZENUSDT** (1h)
➡️ SELL @ 10.717
🎯 TP: 10.50266
🛑 SL: 10.82417
🕒 Thời gian: 2025-10-23 21:00:00 (VN)
2025-10-23 21:47:40 - 🔔 **ZROUSDT** (30m)
➡️ BUY @ 1.7052
🎯 TP: 1.7393040000000002
🛑 SL: 1.688148
🕒 Thời gian: 2025-10-23 21:30:00 (VN)
2025-10-23 21:47:43 - ⚠️ 币安人生USDT (1h) - Không đủ dữ liệu, bỏ qua.
2025-10-23 21:47:43 - ✅ Đã lưu signals.csv và cập nhật danh sách đã gửi.
2025-10-23 21:47:43 - ✅ Quét hoàn tất lúc: 2025-10-23 21:47:43 (Giờ Việt Nam)
2025-10-23 21:47:43 - 🕔 Chờ 10 giây trước lần quét tiếp theo...

2025-10-23 21:47:53 - 
⏳ Bắt đầu quét lúc: 2025-10-23 21:47:53 (Giờ Việt Nam)
2025-10-23 21:49:13 - 🔔 **APEUSDT** (30m)
➡️ BUY @ 0.4024
🎯 TP: 0.410448
🛑 SL: 0.39837599999999995
🕒 Thời gian: 2025-10-23 21:30:00 (VN)
2025-10-23 21:49:58 - 🔔 **B3USDT** (30m)
➡️ SELL @ 0.00213
🎯 TP: 0.0020874
🛑 SL: 0.0021513
🕒 Thời gian: 2025-10-23 21:30:00 (VN)
2025-10-23 21:50:21 - 🔔 **BEAMXUSDT** (30m)
➡️ SELL @ 0.004945
🎯 TP: 0.0048461
🛑 SL: 0.00499445
🕒 Thời gian: 2025-10-23 21:30:00 (VN)
2025-10-23 21:50:23 - 🔔 **BELUSDT** (30m)
➡️ BUY @ 0.27
🎯 TP: 0.27540000000000003
🛑 SL: 0.26730000000000004
🕒 Thời gian: 2025-10-23 21:30:00 (VN)
2025-10-23 21:50:44 - 🔔 **BRETTUSDT** (30m)
➡️ BUY @ 0.02517
🎯 TP: 0.025673400000000002
🛑 SL: 0.0249183
🕒 Thời gian: 2025-10-23 21:30:00 (VN)
2025-10-23 21:50:57 - 🔔 **BTRUSDT** (30m)
➡️ BUY @ 0.07552
🎯 TP: 0.0770304
🛑 SL: 0.0747648
🕒 Thời gian: 2025-10-23 21:30:00 (VN)
2025-10-23 21:51:08 - 🔔 **CATIUSDT** (30m)
➡️ BUY @ 0.08001
🎯 TP: 0.0816102
🛑 SL: 0.0792099
🕒 Thời gian: 2025-10-23 21:30:00 (VN)
2025-10-23 21:58:44 - ⏩ OLUSDT (1h) - Đã gửi trước đó, bỏ qua.
2025-10-23 21:59:33 - ⏩ PONKEUSDT (1h) - Đã gửi trước đó, bỏ qua.
2025-10-23 21:59:48 - ⏩ PROVEUSDT (1h) - Đã gửi trước đó, bỏ qua.
2025-10-23 21:59:57 - ⏩ PUNDIXUSDT (1h) - Đã gửi trước đó, bỏ qua.
2025-10-23 22:02:11 - 🔔 **SWARMSUSDT** (1h)
➡️ BUY @ 0.01554
🎯 TP: 0.0158508
🛑 SL: 0.0153846
🕒 Thời gian: 2025-10-23 22:00:00 (VN)
2025-10-23 22:05:05 - ⚠️ 币安人生USDT (1h) - Không đủ dữ liệu, bỏ qua.
2025-10-23 22:05:05 - ✅ Đã lưu signals.csv và cập nhật danh sách đã gửi.
2025-10-23 22:05:05 - ✅ Quét hoàn tất lúc: 2025-10-23 22:05:05 (Giờ Việt Nam)
2025-10-23 22:05:05 - 🕔 Chờ 10 giây trước lần quét tiếp theo...

2025-10-23 22:05:15 - 
⏳ Bắt đầu quét lúc: 2025-10-23 22:05:15 (Giờ Việt Nam)
2025-10-23 22:08:29 - 🔔 **BNTUSDT** (1h)
➡️ BUY @ 0.5907
🎯 TP: 0.602514
🛑 SL: 0.584793
🕒 Thời gian: 2025-10-23 22:00:00 (VN)
2025-10-23 22:09:43 - 🔔 **CUDISUSDT** (1h)
➡️ BUY @ 0.05541
🎯 TP: 0.056518200000000005
🛑 SL: 0.0548559
🕒 Thời gian: 2025-10-23 22:00:00 (VN)
2025-10-23 22:10:55 - 🔔 **DUSDT** (30m)
➡️ BUY @ 0.02297
🎯 TP: 0.0234294
🛑 SL: 0.0227403
🕒 Thời gian: 2025-10-23 22:00:00 (VN)
2025-10-23 22:12:16 - 🔔 **FUNUSDT** (30m)
➡️ SELL @ 0.003675
🎯 TP: 0.0036014999999999997
🛑 SL: 0.0037117499999999998
🕒 Thời gian: 2025-10-23 22:00:00 (VN)
2025-10-23 22:12:26 - 🔔 **GIGGLEUSDT** (30m)
➡️ SELL @ 106.68
🎯 TP: 104.5464
🛑 SL: 107.74680000000001
🕒 Thời gian: 2025-10-23 22:00:00 (VN)
2025-10-23 22:12:27 - 🔔 **GIGGLEUSDT** (1h)
➡️ SELL @ 106.68
🎯 TP: 104.5464
🛑 SL: 107.74680000000001
🕒 Thời gian: 2025-10-23 22:00:00 (VN)
2025-10-23 22:12:34 - 🔔 **GOATUSDT** (30m)
➡️ BUY @ 0.05202
🎯 TP: 0.0530604
🛑 SL: 0.0514998
🕒 Thời gian: 2025-10-23 22:00:00 (VN)
2025-10-23 22:12:48 - 🔔 **HAEDALUSDT** (30m)
➡️ BUY @ 0.09069
🎯 TP: 0.09250380000000001
🛑 SL: 0.0897831
🕒 Thời gian: 2025-10-23 22:00:00 (VN)
2025-10-23 22:13:37 - 🔔 **IOSTUSDT** (30m)
➡️ BUY @ 0.00237
🎯 TP: 0.0024174
🛑 SL: 0.0023463
🕒 Thời gian: 2025-10-23 22:00:00 (VN)
2025-10-23 22:14:16 - 🔔 **KOMAUSDT** (30m)
➡️ BUY @ 0.01896
🎯 TP: 0.0193392
🛑 SL: 0.0187704
🕒 Thời gian: 2025-10-23 22:00:00 (VN)
2025-10-23 22:14:29 - 🔔 **LINEAUSDT** (30m)
➡️ BUY @ 0.01569
🎯 TP: 0.0160038
🛑 SL: 0.0155331
🕒 Thời gian: 2025-10-23 22:00:00 (VN)
2025-10-23 22:14:34 - 🔔 **LPTUSDT** (30m)
➡️ BUY @ 4.924
🎯 TP: 5.022480000000001
🛑 SL: 4.87476
🕒 Thời gian: 2025-10-23 22:00:00 (VN)
2025-10-23 22:14:45 - 🔔 **LUNA2USDT** (30m)
➡️ BUY @ 0.1002
🎯 TP: 0.102204
🛑 SL: 0.099198
🕒 Thời gian: 2025-10-23 22:00:00 (VN)
2025-10-23 22:14:53 - 🔔 **MASKUSDT** (30m)
➡️ BUY @ 0.8579
🎯 TP: 0.875058
🛑 SL: 0.849321
🕒 Thời gian: 2025-10-23 22:00:00 (VN)
2025-10-23 22:14:57 - 🔔 **MAVUSDT** (30m)
➡️ BUY @ 0.03863
🎯 TP: 0.039402599999999996
🛑 SL: 0.0382437
🕒 Thời gian: 2025-10-23 22:00:00 (VN)
2025-10-23 22:15:00 - 🔔 **MBOXUSDT** (30m)
➡️ BUY @ 0.04852
🎯 TP: 0.049490400000000004
🛑 SL: 0.0480348
🕒 Thời gian: 2025-10-23 22:00:00 (VN)
2025-10-23 22:15:08 - 🔔 **METUSDT** (30m)
➡️ SELL @ 0.5532
🎯 TP: 0.5421360000000001
🛑 SL: 0.558732
🕒 Thời gian: 2025-10-23 22:00:00 (VN)
2025-10-23 22:15:10 - 🔔 **MEUSDT** (30m)
➡️ BUY @ 0.4339
🎯 TP: 0.442578
🛑 SL: 0.429561
🕒 Thời gian: 2025-10-23 22:00:00 (VN)
2025-10-23 22:15:54 - 🔔 **NMRUSDT** (30m)
➡️ BUY @ 12.751
🎯 TP: 13.00602
🛑 SL: 12.623489999999999
🕒 Thời gian: 2025-10-23 22:00:00 (VN)
2025-10-23 22:16:18 - 🔔 **ONGUSDT** (30m)
➡️ BUY @ 0.11491
🎯 TP: 0.1172082
🛑 SL: 0.1137609
🕒 Thời gian: 2025-10-23 22:00:00 (VN)
2025-10-23 22:16:24 - 🔔 **OPUSDT** (30m)
➡️ BUY @ 0.4322
🎯 TP: 0.44084399999999996
🛑 SL: 0.427878
🕒 Thời gian: 2025-10-23 22:00:00 (VN)
2025-10-23 22:16:29 - 🔔 **ORDERUSDT** (30m)
➡️ BUY @ 0.21129
🎯 TP: 0.2155158
🛑 SL: 0.2091771
🕒 Thời gian: 2025-10-23 22:00:00 (VN)
2025-10-23 22:16:43 - 🔔 **PEOPLEUSDT** (30m)
➡️ BUY @ 0.01217
🎯 TP: 0.0124134
🛑 SL: 0.0120483
🕒 Thời gian: 2025-10-23 22:00:00 (VN)
2025-10-23 22:19:28 - ⏩ SWARMSUSDT (1h) - Đã gửi trước đó, bỏ qua.
2025-10-23 22:22:09 - ⚠️ 币安人生USDT (1h) - Không đủ dữ liệu, bỏ qua.
2025-10-23 22:22:09 - ✅ Đã lưu signals.csv và cập nhật danh sách đã gửi.
2025-10-23 22:22:09 - ✅ Quét hoàn tất lúc: 2025-10-23 22:22:09 (Giờ Việt Nam)
2025-10-23 22:22:09 - 🕔 Chờ 10 giây trước lần quét tiếp theo...

2025-10-23 22:22:19 - 
⏳ Bắt đầu quét lúc: 2025-10-23 22:22:19 (Giờ Việt Nam)
2025-10-23 22:26:40 - ⏩ BNTUSDT (1h) - Đã gửi trước đó, bỏ qua.
2025-10-23 22:27:41 - ⏩ CUDISUSDT (1h) - Đã gửi trước đó, bỏ qua.
2025-10-23 22:28:16 - ⏩ DUSDT (30m) - Đã gửi trước đó, bỏ qua.
2025-10-23 22:29:17 - ⏩ FUNUSDT (30m) - Đã gửi trước đó, bỏ qua.
2025-10-23 22:29:28 - ⏩ GIGGLEUSDT (30m) - Đã gửi trước đó, bỏ qua.
2025-10-23 22:29:28 - ⏩ GIGGLEUSDT (1h) - Đã gửi trước đó, bỏ qua.
2025-10-23 22:29:36 - ⏩ GOATUSDT (30m) - Đã gửi trước đó, bỏ qua.
2025-10-23 22:29:41 - 🛑 Dừng bot theo yêu cầu người dùng.
2025-10-24 09:26:14 - 
⏳ Bắt đầu quét lúc: 2025-10-24 09:26:14 (Giờ Việt Nam)
2025-10-24 09:26:18 - ❌ Không phát hiện tín hiệu mới.
2025-10-24 09:26:18 - ✅ Quét hoàn tất lúc: 2025-10-24 09:26:18 (Giờ Việt Nam)
2025-10-24 09:26:18 - 🕔 Chờ 10 giây trước lần quét tiếp theo...

2025-10-24 09:26:28 - 
⏳ Bắt đầu quét lúc: 2025-10-24 09:26:28 (Giờ Việt Nam)
2025-10-24 09:26:32 - ❌ Không phát hiện tín hiệu mới.
2025-10-24 09:26:32 - ✅ Quét hoàn tất lúc: 2025-10-24 09:26:32 (Giờ Việt Nam)
2025-10-24 09:26:32 - 🕔 Chờ 10 giây trước lần quét tiếp theo...

2025-10-24 09:26:42 - 
⏳ Bắt đầu quét lúc: 2025-10-24 09:26:42 (Giờ Việt Nam)
2025-10-24 09:26:46 - ❌ Không phát hiện tín hiệu mới.
2025-10-24 09:26:46 - ✅ Quét hoàn tất lúc: 2025-10-24 09:26:46 (Giờ Việt Nam)
2025-10-24 09:26:46 - 🕔 Chờ 10 giây trước lần quét tiếp theo...

2025-10-24 09:26:56 - 
⏳ Bắt đầu quét lúc: 2025-10-24 09:26:56 (Giờ Việt Nam)
2025-10-24 09:27:01 - ❌ Không phát hiện tín hiệu mới.
2025-10-24 09:27:01 - ✅ Quét hoàn tất lúc: 2025-10-24 09:27:01 (Giờ Việt Nam)
2025-10-24 09:27:01 - 🕔 Chờ 10 giây trước lần quét tiếp theo...

2025-10-24 09:27:11 - 
⏳ Bắt đầu quét lúc: 2025-10-24 09:27:11 (Giờ Việt Nam)
2025-10-24 09:27:15 - ❌ Không phát hiện tín hiệu mới.
2025-10-24 09:27:15 - ✅ Quét hoàn tất lúc: 2025-10-24 09:27:15 (Giờ Việt Nam)
2025-10-24 09:27:15 - 🕔 Chờ 10 giây trước lần quét tiếp theo...

2025-10-24 09:27:25 - 
⏳ Bắt đầu quét lúc: 2025-10-24 09:27:25 (Giờ Việt Nam)
2025-10-24 09:27:29 - ❌ Không phát hiện tín hiệu mới.
2025-10-24 09:27:29 - ✅ Quét hoàn tất lúc: 2025-10-24 09:27:29 (Giờ Việt Nam)
2025-10-24 09:27:29 - 🕔 Chờ 10 giây trước lần quét tiếp theo...

2025-10-24 09:27:39 - 
⏳ Bắt đầu quét lúc: 2025-10-24 09:27:39 (Giờ Việt Nam)
2025-10-24 09:27:44 - ❌ Không phát hiện tín hiệu mới.
2025-10-24 09:27:44 - ✅ Quét hoàn tất lúc: 2025-10-24 09:27:44 (Giờ Việt Nam)
2025-10-24 09:27:44 - 🕔 Chờ 10 giây trước lần quét tiếp theo...

2025-10-24 09:27:54 - 
⏳ Bắt đầu quét lúc: 2025-10-24 09:27:54 (Giờ Việt Nam)
2025-10-24 09:27:58 - ❌ Không phát hiện tín hiệu mới.
2025-10-24 09:27:58 - ✅ Quét hoàn tất lúc: 2025-10-24 09:27:58 (Giờ Việt Nam)
2025-10-24 09:27:58 - 🕔 Chờ 10 giây trước lần quét tiếp theo...

2025-10-24 09:28:08 - 
⏳ Bắt đầu quét lúc: 2025-10-24 09:28:08 (Giờ Việt Nam)
2025-10-24 09:28:12 - ❌ Không phát hiện tín hiệu mới.
2025-10-24 09:28:12 - ✅ Quét hoàn tất lúc: 2025-10-24 09:28:12 (Giờ Việt Nam)
2025-10-24 09:28:12 - 🕔 Chờ 10 giây trước lần quét tiếp theo...

2025-10-24 09:28:22 - 
⏳ Bắt đầu quét lúc: 2025-10-24 09:28:22 (Giờ Việt Nam)
2025-10-24 09:28:26 - ❌ Không phát hiện tín hiệu mới.
2025-10-24 09:28:26 - ✅ Quét hoàn tất lúc: 2025-10-24 09:28:26 (Giờ Việt Nam)
2025-10-24 09:28:26 - 🕔 Chờ 10 giây trước lần quét tiếp theo...

2025-10-24 09:28:30 - 🛑 Dừng bot theo yêu cầu người dùng.
2025-10-24 09:29:48 - 
⏳ Bắt đầu quét lúc: 2025-10-24 09:29:48 (Giờ Việt Nam)
2025-10-24 09:29:52 - ❌ Không phát hiện tín hiệu mới.
2025-10-24 09:29:52 - ✅ Quét hoàn tất lúc: 2025-10-24 09:29:52 (Giờ Việt Nam)
2025-10-24 09:29:52 - 🕔 Chờ 5 phút trước lần quét tiếp theo...

2025-10-24 09:34:52 - 
⏳ Bắt đầu quét lúc: 2025-10-24 09:34:52 (Giờ Việt Nam)
2025-10-24 09:34:57 - ❌ Không phát hiện tín hiệu mới.
2025-10-24 09:34:57 - ✅ Quét hoàn tất lúc: 2025-10-24 09:34:57 (Giờ Việt Nam)
2025-10-24 09:34:57 - 🕔 Chờ 5 phút trước lần quét tiếp theo...

2025-10-24 09:39:57 - 
⏳ Bắt đầu quét lúc: 2025-10-24 09:39:57 (Giờ Việt Nam)
2025-10-24 09:40:01 - ❌ Không phát hiện tín hiệu mới.
2025-10-24 09:40:01 - ✅ Quét hoàn tất lúc: 2025-10-24 09:40:01 (Giờ Việt Nam)
2025-10-24 09:40:01 - 🕔 Chờ 5 phút trước lần quét tiếp theo...

2025-10-24 09:45:01 - 
⏳ Bắt đầu quét lúc: 2025-10-24 09:45:01 (Giờ Việt Nam)
2025-10-24 09:45:05 - ❌ Không phát hiện tín hiệu mới.
2025-10-24 09:45:05 - ✅ Quét hoàn tất lúc: 2025-10-24 09:45:05 (Giờ Việt Nam)
2025-10-24 09:45:05 - 🕔 Chờ 5 phút trước lần quét tiếp theo...

2025-10-24 09:48:06 - 
⏳ Bắt đầu quét lúc: 2025-10-24 09:48:06 (Giờ Việt Nam)
2025-10-24 09:49:43 - 🔔 **BANANAUSDT** (30m)
➡️ BUY @ 12.125
🎯 TP: 12.48875
🛑 SL: 10.9125
🕒 Thời gian: 2025-10-24 09:30:00 (VN)
2025-10-24 09:50:05 - 
⏳ Bắt đầu quét lúc: 2025-10-24 09:50:05 (Giờ Việt Nam)
2025-10-24 09:50:13 - ❌ Không phát hiện tín hiệu mới.
2025-10-24 09:50:13 - ✅ Quét hoàn tất lúc: 2025-10-24 09:50:13 (Giờ Việt Nam)
2025-10-24 09:50:13 - 🕔 Chờ 5 phút trước lần quét tiếp theo...

2025-10-24 09:50:46 - 🔔 **COMPUSDT** (30m)
➡️ BUY @ 37.89
🎯 TP: 39.0267
🛑 SL: 34.101
🕒 Thời gian: 2025-10-24 09:30:00 (VN)
2025-10-24 09:51:08 - 🔔 **DASHUSDT** (30m)
➡️ BUY @ 42.68
🎯 TP: 43.9604
🛑 SL: 38.412
🕒 Thời gian: 2025-10-24 09:30:00 (VN)
2025-10-24 09:51:12 - 🔔 **DEGOUSDT** (30m)
➡️ SELL @ 1.0906
🎯 TP: 1.057882
🛑 SL: 1.1996600000000002
🕒 Thời gian: 2025-10-24 09:30:00 (VN)
2025-10-24 09:51:25 - 🔔 **DOODUSDT** (30m)
➡️ BUY @ 0.00667
🎯 TP: 0.0068701
🛑 SL: 0.006003
🕒 Thời gian: 2025-10-24 09:30:00 (VN)
2025-10-24 09:52:07 - 🔔 **FFUSDT** (30m)
➡️ BUY @ 0.15778
🎯 TP: 0.1625134
🛑 SL: 0.14200200000000002
🕒 Thời gian: 2025-10-24 09:30:00 (VN)
2025-10-24 09:52:37 - 🛑 Dừng bot theo yêu cầu người dùng.
2025-10-24 09:55:13 - 
⏳ Bắt đầu quét lúc: 2025-10-24 09:55:13 (Giờ Việt Nam)
2025-10-24 09:55:23 - ❌ Không phát hiện tín hiệu mới.
2025-10-24 09:55:23 - ✅ Quét hoàn tất lúc: 2025-10-24 09:55:23 (Giờ Việt Nam)
2025-10-24 09:55:23 - 🕔 Chờ 5 phút trước lần quét tiếp theo...

2025-10-24 10:00:23 - 
⏳ Bắt đầu quét lúc: 2025-10-24 10:00:23 (Giờ Việt Nam)
2025-10-24 10:00:32 - ❌ Không phát hiện tín hiệu mới.
2025-10-24 10:00:32 - ✅ Quét hoàn tất lúc: 2025-10-24 10:00:32 (Giờ Việt Nam)
2025-10-24 10:00:32 - 🕔 Chờ 5 phút trước lần quét tiếp theo...

2025-10-24 10:05:32 - 
⏳ Bắt đầu quét lúc: 2025-10-24 10:05:32 (Giờ Việt Nam)
2025-10-24 10:05:43 - ❌ Không phát hiện tín hiệu mới.
2025-10-24 10:05:43 - ✅ Quét hoàn tất lúc: 2025-10-24 10:05:43 (Giờ Việt Nam)
2025-10-24 10:05:43 - 🕔 Chờ 5 phút trước lần quét tiếp theo...

2025-10-24 10:10:43 - 
⏳ Bắt đầu quét lúc: 2025-10-24 10:10:43 (Giờ Việt Nam)
2025-10-24 10:10:53 - ❌ Không phát hiện tín hiệu mới.
2025-10-24 10:10:53 - ✅ Quét hoàn tất lúc: 2025-10-24 10:10:53 (Giờ Việt Nam)
2025-10-24 10:10:53 - 🕔 Chờ 5 phút trước lần quét tiếp theo...

2025-10-24 10:15:53 - 
⏳ Bắt đầu quét lúc: 2025-10-24 10:15:53 (Giờ Việt Nam)
2025-10-24 10:16:05 - ❌ Không phát hiện tín hiệu mới.
2025-10-24 10:16:05 - ✅ Quét hoàn tất lúc: 2025-10-24 10:16:05 (Giờ Việt Nam)
2025-10-24 10:16:05 - 🕔 Chờ 5 phút trước lần quét tiếp theo...

2025-10-24 10:21:05 - 
⏳ Bắt đầu quét lúc: 2025-10-24 10:21:05 (Giờ Việt Nam)
2025-10-24 10:21:13 - ❌ Không phát hiện tín hiệu mới.
2025-10-24 10:21:13 - ✅ Quét hoàn tất lúc: 2025-10-24 10:21:13 (Giờ Việt Nam)
2025-10-24 10:21:13 - 🕔 Chờ 5 phút trước lần quét tiếp theo...

2025-10-24 10:26:13 - 
⏳ Bắt đầu quét lúc: 2025-10-24 10:26:13 (Giờ Việt Nam)
2025-10-24 10:26:22 - ❌ Không phát hiện tín hiệu mới.
2025-10-24 10:26:22 - ✅ Quét hoàn tất lúc: 2025-10-24 10:26:22 (Giờ Việt Nam)
2025-10-24 10:26:22 - 🕔 Chờ 5 phút trước lần quét tiếp theo...

2025-10-24 10:31:22 - 
⏳ Bắt đầu quét lúc: 2025-10-24 10:31:22 (Giờ Việt Nam)
2025-10-24 10:31:31 - ❌ Không phát hiện tín hiệu mới.
2025-10-24 10:31:31 - ✅ Quét hoàn tất lúc: 2025-10-24 10:31:31 (Giờ Việt Nam)
2025-10-24 10:31:31 - 🕔 Chờ 5 phút trước lần quét tiếp theo...

2025-10-24 10:36:31 - 
⏳ Bắt đầu quét lúc: 2025-10-24 10:36:31 (Giờ Việt Nam)
2025-10-24 10:36:39 - ❌ Không phát hiện tín hiệu mới.
2025-10-24 10:36:39 - ✅ Quét hoàn tất lúc: 2025-10-24 10:36:39 (Giờ Việt Nam)
2025-10-24 10:36:39 - 🕔 Chờ 5 phút trước lần quét tiếp theo...

2025-10-24 10:41:39 - 
⏳ Bắt đầu quét lúc: 2025-10-24 10:41:39 (Giờ Việt Nam)
2025-10-24 10:41:43 - ❌ Không phát hiện tín hiệu mới.
2025-10-24 10:41:43 - ✅ Quét hoàn tất lúc: 2025-10-24 10:41:43 (Giờ Việt Nam)
2025-10-24 10:41:43 - 🕔 Chờ 5 phút trước lần quét tiếp theo...

2025-10-24 10:43:27 - 🛑 Dừng bot theo yêu cầu người dùng.
2025-10-24 10:43:56 - 
⏳ Bắt đầu quét lúc: 2025-10-24 10:43:56 (Giờ Việt Nam)
2025-10-24 10:44:20 - ❌ Không phát hiện tín hiệu mới.
2025-10-24 10:44:20 - ✅ Quét hoàn tất lúc: 2025-10-24 10:44:20 (Giờ Việt Nam)
2025-10-24 10:44:20 - 🕔 Chờ 5 phút trước lần quét tiếp theo...

2025-10-24 10:45:26 - 🛑 Dừng bot theo yêu cầu người dùng.
2025-10-24 10:45:40 - 
⏳ Bắt đầu quét lúc: 2025-10-24 10:45:40 (Giờ Việt Nam)
2025-10-24 10:45:57 - ❌ Không phát hiện tín hiệu mới.
2025-10-24 10:45:57 - ✅ Quét hoàn tất lúc: 2025-10-24 10:45:57 (Giờ Việt Nam)
2025-10-24 10:45:57 - 🕔 Chờ 3 phút trước lần quét tiếp theo...

2025-10-24 10:46:11 - 🛑 Dừng bot theo yêu cầu người dùng.
2025-10-24 10:46:22 - 
⏳ Bắt đầu quét lúc: 2025-10-24 10:46:22 (Giờ Việt Nam)
2025-10-24 10:46:41 - ❌ Không phát hiện tín hiệu mới.
2025-10-24 10:46:41 - ✅ Quét hoàn tất lúc: 2025-10-24 10:46:41 (Giờ Việt Nam)
2025-10-24 10:46:41 - 🕔 Chờ 5 phút trước lần quét tiếp theo...

2025-10-24 10:51:41 - 
⏳ Bắt đầu quét lúc: 2025-10-24 10:51:41 (Giờ Việt Nam)
2025-10-24 10:51:58 - ❌ Không phát hiện tín hiệu mới.
2025-10-24 10:51:58 - ✅ Quét hoàn tất lúc: 2025-10-24 10:51:58 (Giờ Việt Nam)
2025-10-24 10:51:58 - 🕔 Chờ 5 phút trước lần quét tiếp theo...

2025-10-24 10:56:58 - 
⏳ Bắt đầu quét lúc: 2025-10-24 10:56:58 (Giờ Việt Nam)
2025-10-24 10:57:26 - ❌ Không phát hiện tín hiệu mới.
2025-10-24 10:57:26 - ✅ Quét hoàn tất lúc: 2025-10-24 10:57:26 (Giờ Việt Nam)
2025-10-24 10:57:26 - 🕔 Chờ 5 phút trước lần quét tiếp theo...

2025-10-24 11:00:13 - 🛑 Dừng bot theo yêu cầu người dùng.
2025-10-24 11:00:17 - 
⏳ Bắt đầu quét lúc: 2025-10-24 11:00:17 (Giờ Việt Nam)
2025-10-24 11:00:35 - ❌ Không phát hiện tín hiệu mới.
2025-10-24 11:00:35 - ✅ Quét hoàn tất lúc: 2025-10-24 11:00:35 (Giờ Việt Nam)
2025-10-24 11:00:35 - 🕔 Chờ 5 phút trước lần quét tiếp theo...

2025-10-24 11:05:35 - 
⏳ Bắt đầu quét lúc: 2025-10-24 11:05:35 (Giờ Việt Nam)
2025-10-24 11:05:52 - ❌ Không phát hiện tín hiệu mới.
2025-10-24 11:05:52 - ✅ Quét hoàn tất lúc: 2025-10-24 11:05:52 (Giờ Việt Nam)
2025-10-24 11:05:52 - 🕔 Chờ 5 phút trước lần quét tiếp theo...

2025-10-24 11:10:52 - 
⏳ Bắt đầu quét lúc: 2025-10-24 11:10:52 (Giờ Việt Nam)
2025-10-24 11:11:09 - ❌ Không phát hiện tín hiệu mới.
2025-10-24 11:11:09 - ✅ Quét hoàn tất lúc: 2025-10-24 11:11:09 (Giờ Việt Nam)
2025-10-24 11:11:09 - 🕔 Chờ 5 phút trước lần quét tiếp theo...

2025-10-24 11:16:09 - 
⏳ Bắt đầu quét lúc: 2025-10-24 11:16:09 (Giờ Việt Nam)
2025-10-24 11:16:26 - ❌ Không phát hiện tín hiệu mới.
2025-10-24 11:16:26 - ✅ Quét hoàn tất lúc: 2025-10-24 11:16:26 (Giờ Việt Nam)
2025-10-24 11:16:26 - 🕔 Chờ 5 phút trước lần quét tiếp theo...

2025-10-24 11:21:26 - 
⏳ Bắt đầu quét lúc: 2025-10-24 11:21:26 (Giờ Việt Nam)
2025-10-24 11:21:42 - ❌ Không phát hiện tín hiệu mới.
2025-10-24 11:21:42 - ✅ Quét hoàn tất lúc: 2025-10-24 11:21:42 (Giờ Việt Nam)
2025-10-24 11:21:42 - 🕔 Chờ 5 phút trước lần quét tiếp theo...

2025-10-24 11:26:42 - 
⏳ Bắt đầu quét lúc: 2025-10-24 11:26:42 (Giờ Việt Nam)
2025-10-24 11:26:59 - ❌ Không phát hiện tín hiệu mới.
2025-10-24 11:26:59 - ✅ Quét hoàn tất lúc: 2025-10-24 11:26:59 (Giờ Việt Nam)
2025-10-24 11:26:59 - 🕔 Chờ 5 phút trước lần quét tiếp theo...

2025-10-24 11:31:59 - 
⏳ Bắt đầu quét lúc: 2025-10-24 11:31:59 (Giờ Việt Nam)
2025-10-24 11:32:15 - ❌ Không phát hiện tín hiệu mới.
2025-10-24 11:32:15 - ✅ Quét hoàn tất lúc: 2025-10-24 11:32:15 (Giờ Việt Nam)
2025-10-24 11:32:15 - 🕔 Chờ 5 phút trước lần quét tiếp theo...

2025-10-24 11:37:15 - 
⏳ Bắt đầu quét lúc: 2025-10-24 11:37:15 (Giờ Việt Nam)
2025-10-24 11:37:34 - ❌ Không phát hiện tín hiệu mới.
2025-10-24 11:37:34 - ✅ Quét hoàn tất lúc: 2025-10-24 11:37:34 (Giờ Việt Nam)
2025-10-24 11:37:34 - 🕔 Chờ 5 phút trước lần quét tiếp theo...

2025-10-24 11:42:34 - 
⏳ Bắt đầu quét lúc: 2025-10-24 11:42:34 (Giờ Việt Nam)
2025-10-24 11:42:58 - ❌ Không phát hiện tín hiệu mới.
2025-10-24 11:42:58 - ✅ Quét hoàn tất lúc: 2025-10-24 11:42:58 (Giờ Việt Nam)
2025-10-24 11:42:58 - 🕔 Chờ 5 phút trước lần quét tiếp theo...

2025-10-24 11:47:58 - 
⏳ Bắt đầu quét lúc: 2025-10-24 11:47:58 (Giờ Việt Nam)
2025-10-24 11:48:18 - ❌ Không phát hiện tín hiệu mới.
2025-10-24 11:48:18 - ✅ Quét hoàn tất lúc: 2025-10-24 11:48:18 (Giờ Việt Nam)
2025-10-24 11:48:18 - 🕔 Chờ 5 phút trước lần quét tiếp theo...

2025-10-24 11:53:18 - 
⏳ Bắt đầu quét lúc: 2025-10-24 11:53:18 (Giờ Việt Nam)
2025-10-24 11:53:37 - ❌ Không phát hiện tín hiệu mới.
2025-10-24 11:53:37 - ✅ Quét hoàn tất lúc: 2025-10-24 11:53:37 (Giờ Việt Nam)
2025-10-24 11:53:37 - 🕔 Chờ 5 phút trước lần quét tiếp theo...

2025-10-24 11:58:37 - 
⏳ Bắt đầu quét lúc: 2025-10-24 11:58:37 (Giờ Việt Nam)
2025-10-24 11:58:55 - ❌ Không phát hiện tín hiệu mới.
2025-10-24 11:58:55 - ✅ Quét hoàn tất lúc: 2025-10-24 11:58:55 (Giờ Việt Nam)
2025-10-24 11:58:55 - 🕔 Chờ 5 phút trước lần quét tiếp theo...

2025-10-24 12:03:55 - 
⏳ Bắt đầu quét lúc: 2025-10-24 12:03:55 (Giờ Việt Nam)
2025-10-24 12:03:57 - 🔔 **BNBUSDT** (30m)
➡️ BUY @ 1139.98
🎯 TP: 1174.1794
🛑 SL: 1025.982
🕒 Thời gian: 2025-10-24 11:30:00 (VN)
2025-10-24 12:03:59 - 🔔 **SOLUSDT** (30m)
➡️ BUY @ 193.45
🎯 TP: 199.2535
🛑 SL: 174.105
🕒 Thời gian: 2025-10-24 11:30:00 (VN)
2025-10-24 12:04:03 - 🔔 **HYPEUSDT** (30m)
➡️ BUY @ 40.274
🎯 TP: 41.482220000000005
🛑 SL: 36.2466
🕒 Thời gian: 2025-10-24 11:30:00 (VN)
2025-10-24 12:04:10 - 🔔 **LTCUSDT** (30m)
➡️ BUY @ 95.21
🎯 TP: 98.0663
🛑 SL: 85.689
🕒 Thời gian: 2025-10-24 11:30:00 (VN)
2025-10-24 12:04:15 - ✅ Đã lưu signals.csv và cập nhật danh sách đã gửi.
2025-10-24 12:04:15 - ✅ Quét hoàn tất lúc: 2025-10-24 12:04:15 (Giờ Việt Nam)
2025-10-24 12:04:15 - 🕔 Chờ 5 phút trước lần quét tiếp theo...

2025-10-24 13:02:36 - 🛑 Dừng bot theo yêu cầu người dùng.
2025-10-24 13:02:42 - 
⏳ Bắt đầu quét lúc: 2025-10-24 13:02:42 (Giờ Việt Nam)
2025-10-24 13:03:24 - ❌ Không phát hiện tín hiệu mới.
2025-10-24 13:03:24 - ✅ Quét hoàn tất lúc: 2025-10-24 13:03:24 (Giờ Việt Nam)
2025-10-24 13:03:24 - 🕔 Chờ 5 phút trước lần quét tiếp theo...

2025-10-24 13:08:24 - 
⏳ Bắt đầu quét lúc: 2025-10-24 13:08:24 (Giờ Việt Nam)
2025-10-24 13:09:06 - ❌ Không phát hiện tín hiệu mới.
2025-10-24 13:09:06 - ✅ Quét hoàn tất lúc: 2025-10-24 13:09:06 (Giờ Việt Nam)
2025-10-24 13:09:06 - 🕔 Chờ 5 phút trước lần quét tiếp theo...

2025-10-24 13:14:06 - 
⏳ Bắt đầu quét lúc: 2025-10-24 13:14:06 (Giờ Việt Nam)
2025-10-24 13:14:46 - ❌ Không phát hiện tín hiệu mới.
2025-10-24 13:14:46 - ✅ Quét hoàn tất lúc: 2025-10-24 13:14:46 (Giờ Việt Nam)
2025-10-24 13:14:46 - 🕔 Chờ 5 phút trước lần quét tiếp theo...

2025-10-24 13:19:46 - 
⏳ Bắt đầu quét lúc: 2025-10-24 13:19:46 (Giờ Việt Nam)
2025-10-24 13:19:53 - 🛑 Dừng bot theo yêu cầu người dùng.
2025-10-24 13:20:37 - 
⏳ Bắt đầu quét lúc: 2025-10-24 13:20:37 (Giờ Việt Nam)
2025-10-24 13:20:56 - ❌ Không phát hiện tín hiệu mới.
2025-10-24 13:20:56 - ✅ Quét hoàn tất lúc: 2025-10-24 13:20:56 (Giờ Việt Nam)
2025-10-24 13:20:56 - 🕔 Chờ 5 phút trước lần quét tiếp theo...

2025-10-24 13:23:03 - 🛑 Dừng bot theo yêu cầu người dùng.
2025-10-24 13:23:33 - 
⏳ Bắt đầu quét lúc: 2025-10-24 13:23:33 (Giờ Việt Nam)
2025-10-24 13:23:52 - ❌ Không phát hiện tín hiệu mới.
2025-10-24 13:23:52 - ✅ Quét hoàn tất lúc: 2025-10-24 13:23:52 (Giờ Việt Nam)
2025-10-24 13:23:52 - 🕔 Chờ 5 phút trước lần quét tiếp theo...

2025-10-24 13:28:52 - 
⏳ Bắt đầu quét lúc: 2025-10-24 13:28:52 (Giờ Việt Nam)
2025-10-24 13:29:09 - ❌ Không phát hiện tín hiệu mới.
2025-10-24 13:29:09 - ✅ Quét hoàn tất lúc: 2025-10-24 13:29:09 (Giờ Việt Nam)
2025-10-24 13:29:09 - 🕔 Chờ 5 phút trước lần quét tiếp theo...

2025-10-24 13:34:09 - 
⏳ Bắt đầu quét lúc: 2025-10-24 13:34:09 (Giờ Việt Nam)
2025-10-24 13:34:24 - 🔔 **XMRUSDT** (30m)
➡️ BUY @ 327.55
🎯 TP: 337.3765
🛑 SL: 294.795
🕒 Thời gian: 2025-10-24 13:00:00 (VN)
2025-10-24 13:34:25 - 🔔 **TAOUSDT** (30m)
➡️ BUY @ 395.78
🎯 TP: 407.6534
🛑 SL: 356.202
🕒 Thời gian: 2025-10-24 13:00:00 (VN)
2025-10-24 13:34:26 - 🔔 **TONUSDT** (30m)
➡️ BUY @ 2.1461
🎯 TP: 2.210483
🛑 SL: 1.9314900000000002
🕒 Thời gian: 2025-10-24 13:00:00 (VN)
2025-10-24 13:34:27 - 🔔 **DOTUSDT** (30m)
➡️ BUY @ 3.056
🎯 TP: 3.1476800000000003
🛑 SL: 2.7504
🕒 Thời gian: 2025-10-24 13:00:00 (VN)
2025-10-24 13:34:28 - ✅ Đã lưu signals.csv và cập nhật danh sách đã gửi.
2025-10-24 13:34:28 - ✅ Quét hoàn tất lúc: 2025-10-24 13:34:28 (Giờ Việt Nam)
2025-10-24 13:34:28 - 🕔 Chờ 5 phút trước lần quét tiếp theo...

2025-10-24 13:39:28 - 
⏳ Bắt đầu quét lúc: 2025-10-24 13:39:28 (Giờ Việt Nam)
2025-10-24 13:39:42 - ⏩ XMRUSDT (30m) - Đã gửi trước đó, bỏ qua.
2025-10-24 13:39:43 - ⏩ TAOUSDT (30m) - Đã gửi trước đó, bỏ qua.
2025-10-24 13:39:44 - ⏩ TONUSDT (30m) - Đã gửi trước đó, bỏ qua.
2025-10-24 13:39:45 - ⏩ DOTUSDT (30m) - Đã gửi trước đó, bỏ qua.
2025-10-24 13:39:45 - ℹ️ Không có tín hiệu mới nào cần gửi Discord.
2025-10-24 13:39:45 - ✅ Quét hoàn tất lúc: 2025-10-24 13:39:45 (Giờ Việt Nam)
2025-10-24 13:39:45 - 🕔 Chờ 5 phút trước lần quét tiếp theo...

2025-10-24 13:44:45 - 
⏳ Bắt đầu quét lúc: 2025-10-24 13:44:45 (Giờ Việt Nam)
2025-10-24 13:45:00 - ⏩ XMRUSDT (30m) - Đã gửi trước đó, bỏ qua.
2025-10-24 13:45:01 - ⏩ TAOUSDT (30m) - Đã gửi trước đó, bỏ qua.
2025-10-24 13:45:01 - ⏩ TONUSDT (30m) - Đã gửi trước đó, bỏ qua.
2025-10-24 13:45:02 - ⏩ DOTUSDT (30m) - Đã gửi trước đó, bỏ qua.
2025-10-24 13:45:02 - ℹ️ Không có tín hiệu mới nào cần gửi Discord.
2025-10-24 13:45:02 - ✅ Quét hoàn tất lúc: 2025-10-24 13:45:02 (Giờ Việt Nam)
2025-10-24 13:45:02 - 🕔 Chờ 5 phút trước lần quét tiếp theo...

2025-10-24 13:50:02 - 
⏳ Bắt đầu quét lúc: 2025-10-24 13:50:02 (Giờ Việt Nam)
2025-10-24 13:50:17 - ⏩ XMRUSDT (30m) - Đã gửi trước đó, bỏ qua.
2025-10-24 13:50:18 - ⏩ TAOUSDT (30m) - Đã gửi trước đó, bỏ qua.
2025-10-24 13:50:19 - ⏩ TONUSDT (30m) - Đã gửi trước đó, bỏ qua.
2025-10-24 13:50:20 - ⏩ DOTUSDT (30m) - Đã gửi trước đó, bỏ qua.
2025-10-24 13:50:20 - ℹ️ Không có tín hiệu mới nào cần gửi Discord.
2025-10-24 13:50:20 - ✅ Quét hoàn tất lúc: 2025-10-24 13:50:20 (Giờ Việt Nam)
2025-10-24 13:50:20 - 🕔 Chờ 5 phút trước lần quét tiếp theo...

2025-10-24 13:54:13 - 🛑 Dừng bot theo yêu cầu người dùng.
2025-10-24 13:55:18 - 
⏳ Bắt đầu quét lúc: 2025-10-24 13:55:18 (Giờ Việt Nam)
2025-10-24 13:55:35 - ⏩ XMRUSDT (30m) - Đã gửi trước đó, bỏ qua.
2025-10-24 13:55:36 - ⏩ TAOUSDT (30m) - Đã gửi trước đó, bỏ qua.
2025-10-24 13:55:37 - ⏩ TONUSDT (30m) - Đã gửi trước đó, bỏ qua.
2025-10-24 13:55:38 - ⏩ DOTUSDT (30m) - Đã gửi trước đó, bỏ qua.
2025-10-24 13:55:38 - ℹ️ Không có tín hiệu mới nào cần gửi Discord.
2025-10-24 13:55:38 - ✅ Quét hoàn tất lúc: 2025-10-24 13:55:38 (Giờ Việt Nam)
2025-10-24 13:55:38 - 🕔 Chờ 5 phút trước lần quét tiếp theo...

2025-10-24 13:57:08 - 🛑 Dừng bot theo yêu cầu người dùng.
2025-10-24 13:57:16 - 
⏳ Bắt đầu quét lúc: 2025-10-24 13:57:16 (Giờ Việt Nam)
2025-10-24 13:57:31 - ⏩ XMRUSDT (30m) - Đã gửi trước đó, bỏ qua.
2025-10-24 13:57:32 - ⏩ TAOUSDT (30m) - Đã gửi trước đó, bỏ qua.
2025-10-24 13:57:33 - ⏩ TONUSDT (30m) - Đã gửi trước đó, bỏ qua.
2025-10-24 13:57:34 - ⏩ DOTUSDT (30m) - Đã gửi trước đó, bỏ qua.
2025-10-24 13:57:34 - ℹ️ Không có tín hiệu mới nào cần gửi Discord.
2025-10-24 13:57:34 - ✅ Quét hoàn tất lúc: 2025-10-24 13:57:34 (Giờ Việt Nam)
2025-10-24 13:57:34 - 🕔 Chờ 5 phút trước lần quét tiếp theo...

2025-10-24 14:02:34 - 
⏳ Bắt đầu quét lúc: 2025-10-24 14:02:34 (Giờ Việt Nam)
2025-10-24 14:02:41 - 🔔 **HYPEUSDT** (30m)
➡️ BUY @ 40.769
🎯 TP: 41.99207
🛑 SL: 36.692099999999996
🕒 Thời gian: 2025-10-24 13:30:00 (VN)
2025-10-24 14:02:44 - 🔔 **XLMUSDT** (30m)
➡️ BUY @ 0.31672
🎯 TP: 0.3262216
🛑 SL: 0.285048
🕒 Thời gian: 2025-10-24 13:30:00 (VN)
2025-10-24 14:02:52 - ✅ Đã lưu signals.csv và cập nhật danh sách đã gửi.
2025-10-24 14:02:52 - ✅ Quét hoàn tất lúc: 2025-10-24 14:02:52 (Giờ Việt Nam)
2025-10-24 14:02:52 - 🕔 Chờ 5 phút trước lần quét tiếp theo...

2025-10-24 14:07:52 - 
⏳ Bắt đầu quét lúc: 2025-10-24 14:07:52 (Giờ Việt Nam)
2025-10-24 14:07:59 - ⏩ HYPEUSDT (30m) - Đã gửi trước đó, bỏ qua.
2025-10-24 14:08:01 - ⏩ XLMUSDT (30m) - Đã gửi trước đó, bỏ qua.
2025-10-24 14:08:08 - ℹ️ Không có tín hiệu mới nào cần gửi Discord.
2025-10-24 14:08:08 - ✅ Quét hoàn tất lúc: 2025-10-24 14:08:08 (Giờ Việt Nam)
2025-10-24 14:08:08 - 🕔 Chờ 5 phút trước lần quét tiếp theo...

2025-10-24 14:13:08 - 
⏳ Bắt đầu quét lúc: 2025-10-24 14:13:08 (Giờ Việt Nam)
2025-10-24 14:13:15 - ⏩ HYPEUSDT (30m) - Đã gửi trước đó, bỏ qua.
2025-10-24 14:13:17 - ⏩ XLMUSDT (30m) - Đã gửi trước đó, bỏ qua.
2025-10-24 14:13:24 - ℹ️ Không có tín hiệu mới nào cần gửi Discord.
2025-10-24 14:13:24 - ✅ Quét hoàn tất lúc: 2025-10-24 14:13:24 (Giờ Việt Nam)
2025-10-24 14:13:24 - 🕔 Chờ 5 phút trước lần quét tiếp theo...

2025-10-24 14:18:24 - 
⏳ Bắt đầu quét lúc: 2025-10-24 14:18:24 (Giờ Việt Nam)
2025-10-24 14:18:40 - ⏩ HYPEUSDT (30m) - Đã gửi trước đó, bỏ qua.
2025-10-24 14:18:44 - ⏩ XLMUSDT (30m) - Đã gửi trước đó, bỏ qua.
2025-10-24 14:19:00 - ℹ️ Không có tín hiệu mới nào cần gửi Discord.
2025-10-24 14:19:00 - ✅ Quét hoàn tất lúc: 2025-10-24 14:19:00 (Giờ Việt Nam)
2025-10-24 14:19:00 - 🕔 Chờ 5 phút trước lần quét tiếp theo...

2025-10-24 14:24:00 - 
⏳ Bắt đầu quét lúc: 2025-10-24 14:24:00 (Giờ Việt Nam)
2025-10-24 14:24:08 - ⏩ HYPEUSDT (30m) - Đã gửi trước đó, bỏ qua.
2025-10-24 14:24:09 - ⏩ XLMUSDT (30m) - Đã gửi trước đó, bỏ qua.
2025-10-24 14:24:17 - ℹ️ Không có tín hiệu mới nào cần gửi Discord.
2025-10-24 14:24:17 - ✅ Quét hoàn tất lúc: 2025-10-24 14:24:17 (Giờ Việt Nam)
2025-10-24 14:24:17 - 🕔 Chờ 5 phút trước lần quét tiếp theo...

2025-10-24 14:29:17 - 
⏳ Bắt đầu quét lúc: 2025-10-24 14:29:17 (Giờ Việt Nam)
2025-10-24 14:29:36 - ⏩ HYPEUSDT (30m) - Đã gửi trước đó, bỏ qua.
2025-10-24 14:29:40 - ⏩ XLMUSDT (30m) - Đã gửi trước đó, bỏ qua.
2025-10-24 14:29:57 - ℹ️ Không có tín hiệu mới nào cần gửi Discord.
2025-10-24 14:29:57 - ✅ Quét hoàn tất lúc: 2025-10-24 14:29:57 (Giờ Việt Nam)
2025-10-24 14:29:57 - 🕔 Chờ 5 phút trước lần quét tiếp theo...

2025-10-24 14:34:57 - 
⏳ Bắt đầu quét lúc: 2025-10-24 14:34:57 (Giờ Việt Nam)
2025-10-24 14:35:06 - 🔔 **XLMUSDT** (30m)
➡️ BUY @ 0.31602
🎯 TP: 0.32550060000000003
🛑 SL: 0.284418
🕒 Thời gian: 2025-10-24 14:00:00 (VN)
2025-10-24 14:35:10 - 🔔 **LTCUSDT** (30m)
➡️ BUY @ 95.96
🎯 TP: 98.83879999999999
🛑 SL: 86.36399999999999
🕒 Thời gian: 2025-10-24 14:00:00 (VN)
2025-10-24 14:35:13 - 🔔 **HBARUSDT** (30m)
➡️ BUY @ 0.17023
🎯 TP: 0.1753369
🛑 SL: 0.153207
🕒 Thời gian: 2025-10-24 14:00:00 (VN)
2025-10-24 14:35:15 - 🔔 **XMRUSDT** (30m)
➡️ BUY @ 326.83
🎯 TP: 336.6349
🛑 SL: 294.147
🕒 Thời gian: 2025-10-24 14:00:00 (VN)
2025-10-24 14:35:18 - ✅ Đã lưu signals.csv và cập nhật danh sách đã gửi.
2025-10-24 14:35:18 - ✅ Quét hoàn tất lúc: 2025-10-24 14:35:18 (Giờ Việt Nam)
2025-10-24 14:35:18 - 🕔 Chờ 5 phút trước lần quét tiếp theo...

2025-10-24 14:40:18 - 
⏳ Bắt đầu quét lúc: 2025-10-24 14:40:18 (Giờ Việt Nam)
2025-10-24 14:40:27 - ⏩ XLMUSDT (30m) - Đã gửi trước đó, bỏ qua.
2025-10-24 14:40:31 - ⏩ LTCUSDT (30m) - Đã gửi trước đó, bỏ qua.
2025-10-24 14:40:31 - ⏩ HBARUSDT (30m) - Đã gửi trước đó, bỏ qua.
2025-10-24 14:40:32 - ⏩ XMRUSDT (30m) - Đã gửi trước đó, bỏ qua.
2025-10-24 14:40:35 - ℹ️ Không có tín hiệu mới nào cần gửi Discord.
2025-10-24 14:40:35 - ✅ Quét hoàn tất lúc: 2025-10-24 14:40:35 (Giờ Việt Nam)
2025-10-24 14:40:35 - 🕔 Chờ 5 phút trước lần quét tiếp theo...

2025-10-24 14:45:35 - 
⏳ Bắt đầu quét lúc: 2025-10-24 14:45:35 (Giờ Việt Nam)
2025-10-24 14:45:44 - ⏩ XLMUSDT (30m) - Đã gửi trước đó, bỏ qua.
2025-10-24 14:45:47 - ⏩ LTCUSDT (30m) - Đã gửi trước đó, bỏ qua.
2025-10-24 14:45:48 - ⏩ HBARUSDT (30m) - Đã gửi trước đó, bỏ qua.
2025-10-24 14:45:49 - ⏩ XMRUSDT (30m) - Đã gửi trước đó, bỏ qua.
2025-10-24 14:45:51 - ℹ️ Không có tín hiệu mới nào cần gửi Discord.
2025-10-24 14:45:51 - ✅ Quét hoàn tất lúc: 2025-10-24 14:45:51 (Giờ Việt Nam)
2025-10-24 14:45:51 - 🕔 Chờ 5 phút trước lần quét tiếp theo...

2025-10-24 14:50:51 - 
⏳ Bắt đầu quét lúc: 2025-10-24 14:50:51 (Giờ Việt Nam)
2025-10-24 14:51:00 - ⏩ XLMUSDT (30m) - Đã gửi trước đó, bỏ qua.
2025-10-24 14:51:03 - ⏩ LTCUSDT (30m) - Đã gửi trước đó, bỏ qua.
2025-10-24 14:51:04 - ⏩ HBARUSDT (30m) - Đã gửi trước đó, bỏ qua.
2025-10-24 14:51:05 - ⏩ XMRUSDT (30m) - Đã gửi trước đó, bỏ qua.
2025-10-24 14:51:07 - ℹ️ Không có tín hiệu mới nào cần gửi Discord.
2025-10-24 14:51:07 - ✅ Quét hoàn tất lúc: 2025-10-24 14:51:07 (Giờ Việt Nam)
2025-10-24 14:51:07 - 🕔 Chờ 5 phút trước lần quét tiếp theo...

2025-10-24 14:56:07 - 
⏳ Bắt đầu quét lúc: 2025-10-24 14:56:07 (Giờ Việt Nam)
2025-10-24 14:56:17 - ⏩ XLMUSDT (30m) - Đã gửi trước đó, bỏ qua.
2025-10-24 14:56:20 - ⏩ LTCUSDT (30m) - Đã gửi trước đó, bỏ qua.
2025-10-24 14:56:21 - ⏩ HBARUSDT (30m) - Đã gửi trước đó, bỏ qua.
2025-10-24 14:56:22 - ⏩ XMRUSDT (30m) - Đã gửi trước đó, bỏ qua.
2025-10-24 14:56:25 - ℹ️ Không có tín hiệu mới nào cần gửi Discord.
2025-10-24 14:56:25 - ✅ Quét hoàn tất lúc: 2025-10-24 14:56:25 (Giờ Việt Nam)
2025-10-24 14:56:25 - 🕔 Chờ 5 phút trước lần quét tiếp theo...

2025-10-24 15:01:25 - 
⏳ Bắt đầu quét lúc: 2025-10-24 15:01:25 (Giờ Việt Nam)
2025-10-24 15:01:26 - 🔔 **BTCUSDT** (30m)
➡️ BUY @ 111013.7
🎯 TP: 114344.111
🛑 SL: 99912.33
🕒 Thời gian: 2025-10-24 14:30:00 (VN)
2025-10-24 15:01:28 - 🔔 **ETHUSDT** (30m)
➡️ BUY @ 3947.64
🎯 TP: 4066.0692
🛑 SL: 3552.8759999999997
🕒 Thời gian: 2025-10-24 14:30:00 (VN)
2025-10-24 15:01:31 - 🔔 **XRPUSDT** (30m)
➡️ BUY @ 2.4395
🎯 TP: 2.512685
🛑 SL: 2.19555
🕒 Thời gian: 2025-10-24 14:30:00 (VN)
2025-10-24 15:01:37 - 🔔 **DOGEUSDT** (30m)
➡️ BUY @ 0.19667
🎯 TP: 0.20257010000000003
🛑 SL: 0.17700300000000002
🕒 Thời gian: 2025-10-24 14:30:00 (VN)
2025-10-24 15:01:39 - 🔔 **ADAUSDT** (30m)
➡️ BUY @ 0.6493
🎯 TP: 0.668779
🛑 SL: 0.5843700000000001
🕒 Thời gian: 2025-10-24 14:30:00 (VN)
2025-10-24 15:01:42 - 🔔 **HYPEUSDT** (30m)
➡️ BUY @ 40.56
🎯 TP: 41.7768
🛑 SL: 36.504000000000005
🕒 Thời gian: 2025-10-24 14:30:00 (VN)
2025-10-24 15:01:44 - 🔔 **LINKUSDT** (30m)
➡️ BUY @ 17.634
🎯 TP: 18.16302
🛑 SL: 15.870600000000001
🕒 Thời gian: 2025-10-24 14:30:00 (VN)
2025-10-24 15:01:46 - 🔔 **XLMUSDT** (30m)
➡️ BUY @ 0.31502
🎯 TP: 0.32447060000000005
🛑 SL: 0.28351800000000005
🕒 Thời gian: 2025-10-24 14:30:00 (VN)
2025-10-24 15:01:48 - 🔔 **BCHUSDT** (30m)
➡️ BUY @ 490.59
🎯 TP: 505.3077
🛑 SL: 441.531
🕒 Thời gian: 2025-10-24 14:30:00 (VN)
2025-10-24 15:01:50 - 🔔 **SUIUSDT** (30m)
➡️ BUY @ 2.46
🎯 TP: 2.5338
🛑 SL: 2.214
🕒 Thời gian: 2025-10-24 14:30:00 (VN)
2025-10-24 15:01:55 - 🔔 **LTCUSDT** (30m)
➡️ BUY @ 96.04
🎯 TP: 98.92120000000001
🛑 SL: 86.436
🕒 Thời gian: 2025-10-24 14:30:00 (VN)
2025-10-24 15:01:59 - 🔔 **XMRUSDT** (30m)
➡️ BUY @ 327.36
🎯 TP: 337.18080000000003
🛑 SL: 294.624
🕒 Thời gian: 2025-10-24 14:30:00 (VN)
2025-10-24 15:02:01 - 🔔 **TAOUSDT** (30m)
➡️ BUY @ 395.43
🎯 TP: 407.29290000000003
🛑 SL: 355.887
🕒 Thời gian: 2025-10-24 14:30:00 (VN)
2025-10-24 15:02:03 - 🔔 **TONUSDT** (30m)
➡️ BUY @ 2.1422
🎯 TP: 2.206466
🛑 SL: 1.92798
🕒 Thời gian: 2025-10-24 14:30:00 (VN)
2025-10-24 15:02:05 - ✅ Đã lưu signals.csv và cập nhật danh sách đã gửi.
2025-10-24 15:02:05 - ✅ Quét hoàn tất lúc: 2025-10-24 15:02:05 (Giờ Việt Nam)
2025-10-24 15:02:05 - 🕔 Chờ 5 phút trước lần quét tiếp theo...

2025-10-24 15:07:05 - 
⏳ Bắt đầu quét lúc: 2025-10-24 15:07:05 (Giờ Việt Nam)
2025-10-24 15:07:06 - ⏩ BTCUSDT (30m) - Đã gửi trước đó, bỏ qua.
2025-10-24 15:07:07 - ⏩ ETHUSDT (30m) - Đã gửi trước đó, bỏ qua.
2025-10-24 15:07:09 - ⏩ XRPUSDT (30m) - Đã gửi trước đó, bỏ qua.
2025-10-24 15:07:12 - ⏩ DOGEUSDT (30m) - Đã gửi trước đó, bỏ qua.
2025-10-24 15:07:13 - ⏩ ADAUSDT (30m) - Đã gửi trước đó, bỏ qua.
2025-10-24 15:07:14 - ⏩ HYPEUSDT (30m) - Đã gửi trước đó, bỏ qua.
2025-10-24 15:07:15 - ⏩ LINKUSDT (30m) - Đã gửi trước đó, bỏ qua.
2025-10-24 15:07:16 - ⏩ XLMUSDT (30m) - Đã gửi trước đó, bỏ qua.
2025-10-24 15:07:16 - ⏩ BCHUSDT (30m) - Đã gửi trước đó, bỏ qua.
2025-10-24 15:07:17 - ⏩ SUIUSDT (30m) - Đã gửi trước đó, bỏ qua.
2025-10-24 15:07:19 - ⏩ LTCUSDT (30m) - Đã gửi trước đó, bỏ qua.
2025-10-24 15:07:21 - ⏩ XMRUSDT (30m) - Đã gửi trước đó, bỏ qua.
2025-10-24 15:07:22 - ⏩ TAOUSDT (30m) - Đã gửi trước đó, bỏ qua.
2025-10-24 15:07:22 - ⏩ TONUSDT (30m) - Đã gửi trước đó, bỏ qua.
2025-10-24 15:07:23 - ℹ️ Không có tín hiệu mới nào cần gửi Discord.
2025-10-24 15:07:23 - ✅ Quét hoàn tất lúc: 2025-10-24 15:07:23 (Giờ Việt Nam)
2025-10-24 15:07:23 - 🕔 Chờ 5 phút trước lần quét tiếp theo...

2025-10-24 15:12:23 - 
⏳ Bắt đầu quét lúc: 2025-10-24 15:12:23 (Giờ Việt Nam)
2025-10-24 15:12:24 - ⏩ BTCUSDT (30m) - Đã gửi trước đó, bỏ qua.
2025-10-24 15:12:25 - ⏩ ETHUSDT (30m) - Đã gửi trước đó, bỏ qua.
2025-10-24 15:12:27 - ⏩ XRPUSDT (30m) - Đã gửi trước đó, bỏ qua.
2025-10-24 15:12:29 - ⏩ DOGEUSDT (30m) - Đã gửi trước đó, bỏ qua.
2025-10-24 15:12:30 - ⏩ ADAUSDT (30m) - Đã gửi trước đó, bỏ qua.
2025-10-24 15:12:31 - ⏩ HYPEUSDT (30m) - Đã gửi trước đó, bỏ qua.
2025-10-24 15:12:32 - ⏩ LINKUSDT (30m) - Đã gửi trước đó, bỏ qua.
2025-10-24 15:12:33 - ⏩ XLMUSDT (30m) - Đã gửi trước đó, bỏ qua.
2025-10-24 15:12:34 - ⏩ BCHUSDT (30m) - Đã gửi trước đó, bỏ qua.
2025-10-24 15:12:35 - ⏩ SUIUSDT (30m) - Đã gửi trước đó, bỏ qua.
2025-10-24 15:12:37 - ⏩ LTCUSDT (30m) - Đã gửi trước đó, bỏ qua.
2025-10-24 15:12:38 - ⏩ XMRUSDT (30m) - Đã gửi trước đó, bỏ qua.
2025-10-24 15:12:39 - ⏩ TAOUSDT (30m) - Đã gửi trước đó, bỏ qua.
2025-10-24 15:12:41 - ⏩ TONUSDT (30m) - Đã gửi trước đó, bỏ qua.
2025-10-24 15:12:42 - ℹ️ Không có tín hiệu mới nào cần gửi Discord.
2025-10-24 15:12:42 - ✅ Quét hoàn tất lúc: 2025-10-24 15:12:42 (Giờ Việt Nam)
2025-10-24 15:12:42 - 🕔 Chờ 5 phút trước lần quét tiếp theo...

2025-10-24 15:17:42 - 
⏳ Bắt đầu quét lúc: 2025-10-24 15:17:42 (Giờ Việt Nam)
2025-10-24 15:17:43 - ⏩ BTCUSDT (30m) - Đã gửi trước đó, bỏ qua.
2025-10-24 15:17:44 - ⏩ ETHUSDT (30m) - Đã gửi trước đó, bỏ qua.
2025-10-24 15:17:45 - ⏩ XRPUSDT (30m) - Đã gửi trước đó, bỏ qua.
2025-10-24 15:17:48 - ⏩ DOGEUSDT (30m) - Đã gửi trước đó, bỏ qua.
2025-10-24 15:17:49 - ⏩ ADAUSDT (30m) - Đã gửi trước đó, bỏ qua.
2025-10-24 15:17:50 - ⏩ HYPEUSDT (30m) - Đã gửi trước đó, bỏ qua.
2025-10-24 15:17:51 - ⏩ LINKUSDT (30m) - Đã gửi trước đó, bỏ qua.
2025-10-24 15:17:51 - ⏩ XLMUSDT (30m) - Đã gửi trước đó, bỏ qua.
2025-10-24 15:17:52 - ⏩ BCHUSDT (30m) - Đã gửi trước đó, bỏ qua.
2025-10-24 15:17:53 - ⏩ SUIUSDT (30m) - Đã gửi trước đó, bỏ qua.
2025-10-24 15:17:55 - ⏩ LTCUSDT (30m) - Đã gửi trước đó, bỏ qua.
2025-10-24 15:17:57 - ⏩ XMRUSDT (30m) - Đã gửi trước đó, bỏ qua.
2025-10-24 15:17:58 - ⏩ TAOUSDT (30m) - Đã gửi trước đó, bỏ qua.
2025-10-24 15:17:59 - ⏩ TONUSDT (30m) - Đã gửi trước đó, bỏ qua.
2025-10-24 15:18:00 - ℹ️ Không có tín hiệu mới nào cần gửi Discord.
2025-10-24 15:18:00 - ✅ Quét hoàn tất lúc: 2025-10-24 15:18:00 (Giờ Việt Nam)
2025-10-24 15:18:00 - 🕔 Chờ 5 phút trước lần quét tiếp theo...

2025-10-24 15:18:47 - 🛑 Dừng bot theo yêu cầu người dùng.
2025-10-24 15:18:55 - 
⏳ Bắt đầu quét lúc: 2025-10-24 15:18:55 (Giờ Việt Nam)
2025-10-24 15:18:56 - ⏩ BTCUSDT (30m) - Đã gửi trước đó, bỏ qua.
2025-10-24 15:18:57 - ⏩ ETHUSDT (30m) - Đã gửi trước đó, bỏ qua.
2025-10-24 15:18:59 - ⏩ XRPUSDT (30m) - Đã gửi trước đó, bỏ qua.
2025-10-24 15:19:02 - ⏩ DOGEUSDT (30m) - Đã gửi trước đó, bỏ qua.
2025-10-24 15:19:02 - ⏩ ADAUSDT (30m) - Đã gửi trước đó, bỏ qua.
2025-10-24 15:19:03 - ⏩ HYPEUSDT (30m) - Đã gửi trước đó, bỏ qua.
2025-10-24 15:19:04 - ⏩ LINKUSDT (30m) - Đã gửi trước đó, bỏ qua.
2025-10-24 15:19:05 - ⏩ XLMUSDT (30m) - Đã gửi trước đó, bỏ qua.
2025-10-24 15:19:06 - ⏩ BCHUSDT (30m) - Đã gửi trước đó, bỏ qua.
2025-10-24 15:19:07 - ⏩ SUIUSDT (30m) - Đã gửi trước đó, bỏ qua.
2025-10-24 15:19:08 - ⏩ LTCUSDT (30m) - Đã gửi trước đó, bỏ qua.
2025-10-24 15:19:10 - ⏩ XMRUSDT (30m) - Đã gửi trước đó, bỏ qua.
2025-10-24 15:19:11 - ⏩ TAOUSDT (30m) - Đã gửi trước đó, bỏ qua.
2025-10-24 15:19:12 - ⏩ TONUSDT (30m) - Đã gửi trước đó, bỏ qua.
2025-10-24 15:19:13 - ℹ️ Không có tín hiệu mới nào cần gửi Discord.
2025-10-24 15:19:13 - ✅ Quét hoàn tất lúc: 2025-10-24 15:19:13 (Giờ Việt Nam)
2025-10-24 15:19:13 - 🕔 Chờ 5 phút trước lần quét tiếp theo...

2025-10-24 15:21:24 - 🛑 Dừng bot theo yêu cầu người dùng.
2025-10-24 15:21:29 - 
⏳ Bắt đầu quét lúc: 2025-10-24 15:21:29 (Giờ Việt Nam)
2025-10-24 15:21:30 - ⏩ BTCUSDT (30m) - Đã gửi trước đó, bỏ qua.
2025-10-24 15:21:31 - ⏩ ETHUSDT (30m) - Đã gửi trước đó, bỏ qua.
2025-10-24 15:21:32 - ⏩ XRPUSDT (30m) - Đã gửi trước đó, bỏ qua.
2025-10-24 15:21:36 - ⏩ DOGEUSDT (30m) - Đã gửi trước đó, bỏ qua.
2025-10-24 15:21:37 - ⏩ ADAUSDT (30m) - Đã gửi trước đó, bỏ qua.
2025-10-24 15:21:38 - ⏩ HYPEUSDT (30m) - Đã gửi trước đó, bỏ qua.
2025-10-24 15:21:39 - ⏩ LINKUSDT (30m) - Đã gửi trước đó, bỏ qua.
2025-10-24 15:21:39 - ⏩ XLMUSDT (30m) - Đã gửi trước đó, bỏ qua.
2025-10-24 15:21:40 - ⏩ BCHUSDT (30m) - Đã gửi trước đó, bỏ qua.
2025-10-24 15:21:41 - ⏩ SUIUSDT (30m) - Đã gửi trước đó, bỏ qua.
2025-10-24 15:21:43 - ⏩ LTCUSDT (30m) - Đã gửi trước đó, bỏ qua.
2025-10-24 15:21:45 - ⏩ XMRUSDT (30m) - Đã gửi trước đó, bỏ qua.
2025-10-24 15:21:46 - ⏩ TAOUSDT (30m) - Đã gửi trước đó, bỏ qua.
2025-10-24 15:21:47 - ⏩ TONUSDT (30m) - Đã gửi trước đó, bỏ qua.
2025-10-24 15:21:48 - ℹ️ Không có tín hiệu mới nào cần gửi Discord.
2025-10-24 15:21:48 - ✅ Quét hoàn tất lúc: 2025-10-24 15:21:48 (Giờ Việt Nam)
2025-10-24 15:21:48 - 🕔 Chờ 5 phút trước lần quét tiếp theo...

2025-10-24 15:26:48 - 
⏳ Bắt đầu quét lúc: 2025-10-24 15:26:48 (Giờ Việt Nam)
2025-10-24 15:26:49 - ⏩ BTCUSDT (30m) - Đã gửi trước đó, bỏ qua.
2025-10-24 15:26:50 - ⏩ ETHUSDT (30m) - Đã gửi trước đó, bỏ qua.
2025-10-24 15:26:52 - ⏩ XRPUSDT (30m) - Đã gửi trước đó, bỏ qua.
2025-10-24 15:26:54 - ⏩ DOGEUSDT (30m) - Đã gửi trước đó, bỏ qua.
2025-10-24 15:26:55 - ⏩ ADAUSDT (30m) - Đã gửi trước đó, bỏ qua.
2025-10-24 15:26:56 - ⏩ HYPEUSDT (30m) - Đã gửi trước đó, bỏ qua.
2025-10-24 15:26:57 - ⏩ LINKUSDT (30m) - Đã gửi trước đó, bỏ qua.
2025-10-24 15:26:58 - ⏩ XLMUSDT (30m) - Đã gửi trước đó, bỏ qua.
2025-10-24 15:26:59 - ⏩ BCHUSDT (30m) - Đã gửi trước đó, bỏ qua.
2025-10-24 15:26:59 - ⏩ SUIUSDT (30m) - Đã gửi trước đó, bỏ qua.
2025-10-24 15:27:01 - ⏩ LTCUSDT (30m) - Đã gửi trước đó, bỏ qua.
2025-10-24 15:27:03 - ⏩ XMRUSDT (30m) - Đã gửi trước đó, bỏ qua.
2025-10-24 15:27:04 - ⏩ TAOUSDT (30m) - Đã gửi trước đó, bỏ qua.
2025-10-24 15:27:05 - ⏩ TONUSDT (30m) - Đã gửi trước đó, bỏ qua.
2025-10-24 15:27:06 - ℹ️ Không có tín hiệu mới nào cần gửi Discord.
2025-10-24 15:27:06 - ✅ Quét hoàn tất lúc: 2025-10-24 15:27:06 (Giờ Việt Nam)
2025-10-24 15:27:06 - 🕔 Chờ 5 phút trước lần quét tiếp theo...

2025-10-24 15:32:06 - 
⏳ Bắt đầu quét lúc: 2025-10-24 15:32:06 (Giờ Việt Nam)
2025-10-24 15:32:18 - 🔔 **LINKUSDT** (30m)
➡️ BUY @ 17.669
🎯 TP: 18.199070000000003
🛑 SL: 15.9021
🕒 Thời gian: 2025-10-24 15:00:00 (VN)
2025-10-24 15:32:19 - 🔔 **XLMUSDT** (30m)
➡️ BUY @ 0.3144
🎯 TP: 0.323832
🛑 SL: 0.28296000000000004
🕒 Thời gian: 2025-10-24 15:00:00 (VN)
2025-10-24 15:32:25 - 🔔 **LTCUSDT** (30m)
➡️ BUY @ 96.1
🎯 TP: 98.98299999999999
🛑 SL: 86.49
🕒 Thời gian: 2025-10-24 15:00:00 (VN)
2025-10-24 15:32:28 - 🔔 **XMRUSDT** (30m)
➡️ BUY @ 326.75
🎯 TP: 336.5525
🛑 SL: 294.075
🕒 Thời gian: 2025-10-24 15:00:00 (VN)
2025-10-24 15:32:31 - 🔔 **TONUSDT** (30m)
➡️ BUY @ 2.1401
🎯 TP: 2.204303
🛑 SL: 1.9260899999999999
🕒 Thời gian: 2025-10-24 15:00:00 (VN)
2025-10-24 15:32:33 - ✅ Đã lưu signals.csv và cập nhật danh sách đã gửi.
2025-10-24 15:32:33 - ✅ Quét hoàn tất lúc: 2025-10-24 15:32:33 (Giờ Việt Nam)
2025-10-24 15:32:33 - 🕔 Chờ 5 phút trước lần quét tiếp theo...

2025-10-24 15:35:20 - 🛑 Dừng bot theo yêu cầu người dùng.
2025-10-24 15:35:32 - 
⏳ Bắt đầu quét lúc: 2025-10-24 15:35:32 (Giờ Việt Nam)
2025-10-24 15:35:41 - ⏩ LINKUSDT (30m) - Đã gửi trước đó, bỏ qua.
2025-10-24 15:35:42 - ⏩ XLMUSDT (30m) - Đã gửi trước đó, bỏ qua.
2025-10-24 15:35:45 - ⏩ LTCUSDT (30m) - Đã gửi trước đó, bỏ qua.
2025-10-24 15:35:47 - ⏩ XMRUSDT (30m) - Đã gửi trước đó, bỏ qua.
2025-10-24 15:35:48 - ⏩ TONUSDT (30m) - Đã gửi trước đó, bỏ qua.
2025-10-24 15:35:49 - ℹ️ Không có tín hiệu mới nào cần gửi Discord.
2025-10-24 15:35:49 - ✅ Quét hoàn tất lúc: 2025-10-24 15:35:49 (Giờ Việt Nam)
2025-10-24 15:35:49 - 🕔 Chờ 5 phút trước lần quét tiếp theo...

2025-10-24 15:40:49 - 
⏳ Bắt đầu quét lúc: 2025-10-24 15:40:49 (Giờ Việt Nam)
2025-10-24 15:40:58 - ⏩ LINKUSDT (30m) - Đã gửi trước đó, bỏ qua.
2025-10-24 15:40:59 - ⏩ XLMUSDT (30m) - Đã gửi trước đó, bỏ qua.
2025-10-24 15:41:02 - ⏩ LTCUSDT (30m) - Đã gửi trước đó, bỏ qua.
2025-10-24 15:41:04 - ⏩ XMRUSDT (30m) - Đã gửi trước đó, bỏ qua.
2025-10-24 15:41:05 - ⏩ TONUSDT (30m) - Đã gửi trước đó, bỏ qua.
2025-10-24 15:41:06 - ℹ️ Không có tín hiệu mới nào cần gửi Discord.
2025-10-24 15:41:06 - ✅ Quét hoàn tất lúc: 2025-10-24 15:41:06 (Giờ Việt Nam)
2025-10-24 15:41:06 - 🕔 Chờ 5 phút trước lần quét tiếp theo...

2025-10-24 15:46:06 - 
⏳ Bắt đầu quét lúc: 2025-10-24 15:46:06 (Giờ Việt Nam)
2025-10-24 15:46:15 - ⏩ LINKUSDT (30m) - Đã gửi trước đó, bỏ qua.
2025-10-24 15:46:15 - ⏩ XLMUSDT (30m) - Đã gửi trước đó, bỏ qua.
2025-10-24 15:46:19 - ⏩ LTCUSDT (30m) - Đã gửi trước đó, bỏ qua.
2025-10-24 15:46:21 - ⏩ XMRUSDT (30m) - Đã gửi trước đó, bỏ qua.
2025-10-24 15:46:23 - ⏩ TONUSDT (30m) - Đã gửi trước đó, bỏ qua.
2025-10-24 15:46:24 - ℹ️ Không có tín hiệu mới nào cần gửi Discord.
2025-10-24 15:46:24 - ✅ Quét hoàn tất lúc: 2025-10-24 15:46:24 (Giờ Việt Nam)
2025-10-24 15:46:24 - 🕔 Chờ 5 phút trước lần quét tiếp theo...

2025-10-24 15:51:24 - 
⏳ Bắt đầu quét lúc: 2025-10-24 15:51:24 (Giờ Việt Nam)
2025-10-24 15:51:32 - ⏩ LINKUSDT (30m) - Đã gửi trước đó, bỏ qua.
2025-10-24 15:51:33 - ⏩ XLMUSDT (30m) - Đã gửi trước đó, bỏ qua.
2025-10-24 15:51:37 - ⏩ LTCUSDT (30m) - Đã gửi trước đó, bỏ qua.
2025-10-24 15:51:38 - ⏩ XMRUSDT (30m) - Đã gửi trước đó, bỏ qua.
2025-10-24 15:51:40 - ⏩ TONUSDT (30m) - Đã gửi trước đó, bỏ qua.
2025-10-24 15:51:41 - ℹ️ Không có tín hiệu mới nào cần gửi Discord.
2025-10-24 15:51:41 - ✅ Quét hoàn tất lúc: 2025-10-24 15:51:41 (Giờ Việt Nam)
2025-10-24 15:51:41 - 🕔 Chờ 5 phút trước lần quét tiếp theo...

2025-10-24 15:56:41 - 
⏳ Bắt đầu quét lúc: 2025-10-24 15:56:41 (Giờ Việt Nam)
2025-10-24 15:56:59 - ⏩ LINKUSDT (30m) - Đã gửi trước đó, bỏ qua.
2025-10-24 15:57:01 - ⏩ XLMUSDT (30m) - Đã gửi trước đó, bỏ qua.
2025-10-24 15:57:09 - ⏩ LTCUSDT (30m) - Đã gửi trước đó, bỏ qua.
2025-10-24 15:57:12 - ⏩ XMRUSDT (30m) - Đã gửi trước đó, bỏ qua.
2025-10-24 15:57:16 - ⏩ TONUSDT (30m) - Đã gửi trước đó, bỏ qua.
2025-10-24 15:57:18 - ℹ️ Không có tín hiệu mới nào cần gửi Discord.
2025-10-24 15:57:18 - ✅ Quét hoàn tất lúc: 2025-10-24 15:57:18 (Giờ Việt Nam)
2025-10-24 15:57:18 - 🕔 Chờ 5 phút trước lần quét tiếp theo...

2025-10-24 16:02:18 - 
⏳ Bắt đầu quét lúc: 2025-10-24 16:02:18 (Giờ Việt Nam)
2025-10-24 16:02:22 - 🔔 **ETHUSDT** (30m)
➡️ BUY @ 3951.0
🎯 TP: 4069.53
🛑 SL: 3555.9
🕒 Thời gian: 2025-10-24 15:30:00 (VN)
2025-10-24 16:02:25 - 🔔 **XRPUSDT** (30m)
➡️ BUY @ 2.4494
🎯 TP: 2.522882
🛑 SL: 2.20446
🕒 Thời gian: 2025-10-24 15:30:00 (VN)
2025-10-24 16:02:29 - 🔔 **ADAUSDT** (30m)
➡️ BUY @ 0.6513
🎯 TP: 0.670839
🛑 SL: 0.58617
🕒 Thời gian: 2025-10-24 15:30:00 (VN)
2025-10-24 16:02:32 - 🔔 **LINKUSDT** (30m)
➡️ BUY @ 17.719
🎯 TP: 18.250570000000003
🛑 SL: 15.9471
🕒 Thời gian: 2025-10-24 15:30:00 (VN)
2025-10-24 16:02:34 - 🔔 **BCHUSDT** (30m)
➡️ BUY @ 492.61
🎯 TP: 507.3883
🛑 SL: 443.34900000000005
🕒 Thời gian: 2025-10-24 15:30:00 (VN)
2025-10-24 16:02:37 - 🔔 **LTCUSDT** (30m)
➡️ BUY @ 96.33
🎯 TP: 99.2199
🛑 SL: 86.697
🕒 Thời gian: 2025-10-24 15:30:00 (VN)
2025-10-24 16:02:38 - 🔔 **HBARUSDT** (30m)
➡️ BUY @ 0.17032
🎯 TP: 0.1754296
🛑 SL: 0.153288
🕒 Thời gian: 2025-10-24 15:30:00 (VN)
2025-10-24 16:02:41 - 🔔 **TAOUSDT** (30m)
➡️ BUY @ 398.53
🎯 TP: 410.48589999999996
🛑 SL: 358.67699999999996
🕒 Thời gian: 2025-10-24 15:30:00 (VN)
2025-10-24 16:02:43 - ✅ Đã lưu signals.csv và cập nhật danh sách đã gửi.
2025-10-24 16:02:43 - ✅ Quét hoàn tất lúc: 2025-10-24 16:02:43 (Giờ Việt Nam)
2025-10-24 16:02:43 - 🕔 Chờ 5 phút trước lần quét tiếp theo...

2025-10-24 16:07:40 - 🛑 Dừng bot theo yêu cầu người dùng.
2025-10-24 16:10:25 - 
⏳ Bắt đầu quét lúc: 2025-10-24 16:10:25 (Giờ Việt Nam)
2025-10-24 16:10:27 - ⏩ ETHUSDT (30m) - Đã gửi trước đó, bỏ qua.
2025-10-24 16:10:28 - ⏩ XRPUSDT (30m) - Đã gửi trước đó, bỏ qua.
2025-10-24 16:10:32 - ⏩ ADAUSDT (30m) - Đã gửi trước đó, bỏ qua.
2025-10-24 16:10:33 - ⏩ LINKUSDT (30m) - Đã gửi trước đó, bỏ qua.
2025-10-24 16:10:33 - ℹ️ Không có tín hiệu mới nào cần gửi Discord.
2025-10-24 16:10:33 - ✅ Quét hoàn tất lúc: 2025-10-24 16:10:33 (Giờ Việt Nam)
2025-10-24 16:10:33 - 🕔 Chờ 5 phút trước lần quét tiếp theo...

2025-10-24 16:15:33 - 
⏳ Bắt đầu quét lúc: 2025-10-24 16:15:33 (Giờ Việt Nam)
2025-10-24 16:15:35 - ⏩ ETHUSDT (30m) - Đã gửi trước đó, bỏ qua.
2025-10-24 16:15:38 - ⏩ XRPUSDT (30m) - Đã gửi trước đó, bỏ qua.
2025-10-24 16:15:41 - ⏩ ADAUSDT (30m) - Đã gửi trước đó, bỏ qua.
2025-10-24 16:15:43 - ⏩ LINKUSDT (30m) - Đã gửi trước đó, bỏ qua.
2025-10-24 16:15:43 - ℹ️ Không có tín hiệu mới nào cần gửi Discord.
2025-10-24 16:15:43 - ✅ Quét hoàn tất lúc: 2025-10-24 16:15:43 (Giờ Việt Nam)
2025-10-24 16:15:43 - 🕔 Chờ 5 phút trước lần quét tiếp theo...

2025-10-24 16:20:43 - 
⏳ Bắt đầu quét lúc: 2025-10-24 16:20:43 (Giờ Việt Nam)
2025-10-24 16:20:45 - ⏩ ETHUSDT (30m) - Đã gửi trước đó, bỏ qua.
2025-10-24 16:20:46 - ⏩ XRPUSDT (30m) - Đã gửi trước đó, bỏ qua.
2025-10-24 16:20:50 - ⏩ ADAUSDT (30m) - Đã gửi trước đó, bỏ qua.
2025-10-24 16:20:51 - ⏩ LINKUSDT (30m) - Đã gửi trước đó, bỏ qua.
2025-10-24 16:20:51 - ℹ️ Không có tín hiệu mới nào cần gửi Discord.
2025-10-24 16:20:51 - ✅ Quét hoàn tất lúc: 2025-10-24 16:20:51 (Giờ Việt Nam)
2025-10-24 16:20:51 - 🕔 Chờ 5 phút trước lần quét tiếp theo...

2025-10-24 16:25:51 - 
⏳ Bắt đầu quét lúc: 2025-10-24 16:25:51 (Giờ Việt Nam)
2025-10-24 16:25:53 - ⏩ ETHUSDT (30m) - Đã gửi trước đó, bỏ qua.
2025-10-24 16:25:56 - ⏩ XRPUSDT (30m) - Đã gửi trước đó, bỏ qua.
2025-10-24 16:25:59 - ⏩ ADAUSDT (30m) - Đã gửi trước đó, bỏ qua.
2025-10-24 16:26:01 - ⏩ LINKUSDT (30m) - Đã gửi trước đó, bỏ qua.
2025-10-24 16:26:01 - ℹ️ Không có tín hiệu mới nào cần gửi Discord.
2025-10-24 16:26:01 - ✅ Quét hoàn tất lúc: 2025-10-24 16:26:01 (Giờ Việt Nam)
2025-10-24 16:26:01 - 🕔 Chờ 5 phút trước lần quét tiếp theo...

2025-10-24 16:31:01 - 
⏳ Bắt đầu quét lúc: 2025-10-24 16:31:01 (Giờ Việt Nam)
2025-10-24 16:31:09 - ❌ Không phát hiện tín hiệu mới.
2025-10-24 16:31:09 - ✅ Quét hoàn tất lúc: 2025-10-24 16:31:09 (Giờ Việt Nam)
2025-10-24 16:31:09 - 🕔 Chờ 5 phút trước lần quét tiếp theo...

2025-10-24 16:36:10 - 
⏳ Bắt đầu quét lúc: 2025-10-24 16:36:10 (Giờ Việt Nam)
2025-10-24 16:36:18 - ❌ Không phát hiện tín hiệu mới.
2025-10-24 16:36:18 - ✅ Quét hoàn tất lúc: 2025-10-24 16:36:18 (Giờ Việt Nam)
2025-10-24 16:36:18 - 🕔 Chờ 5 phút trước lần quét tiếp theo...

2025-10-24 16:41:18 - 
⏳ Bắt đầu quét lúc: 2025-10-24 16:41:18 (Giờ Việt Nam)
2025-10-24 16:41:29 - ❌ Không phát hiện tín hiệu mới.
2025-10-24 16:41:29 - ✅ Quét hoàn tất lúc: 2025-10-24 16:41:29 (Giờ Việt Nam)
2025-10-24 16:41:29 - 🕔 Chờ 5 phút trước lần quét tiếp theo...

2025-10-24 16:46:29 - 
⏳ Bắt đầu quét lúc: 2025-10-24 16:46:29 (Giờ Việt Nam)
2025-10-24 16:46:38 - ❌ Không phát hiện tín hiệu mới.
2025-10-24 16:46:38 - ✅ Quét hoàn tất lúc: 2025-10-24 16:46:38 (Giờ Việt Nam)
2025-10-24 16:46:38 - 🕔 Chờ 5 phút trước lần quét tiếp theo...

2025-10-24 16:51:38 - 
⏳ Bắt đầu quét lúc: 2025-10-24 16:51:38 (Giờ Việt Nam)
2025-10-24 16:51:46 - ❌ Không phát hiện tín hiệu mới.
2025-10-24 16:51:46 - ✅ Quét hoàn tất lúc: 2025-10-24 16:51:46 (Giờ Việt Nam)
2025-10-24 16:51:46 - 🕔 Chờ 5 phút trước lần quét tiếp theo...

2025-10-24 17:04:05 - 🛑 Dừng bot theo yêu cầu người dùng.
